------------------------------------------------------------------------------------------------------------------------

[2017-11-01 16:40:49 #1 server] 
Server on port 6136 has started by 13516@DESKTOP-CQEL88O

[2017-11-01 16:41:06 #2 store] 
Database 'C:\Users\fbarcia\Documents\NetBeansProjects\M06\EAC2-1718S1\objectdb-2.7.2\db\fitxer.odb' is opened by 13516@DESKTOP-CQEL88O

[2017-11-01 16:41:06 #3 store] 
Configuration path: C:\Users\fbarcia\Documents\NetBeansProjects\M06\EAC2-1718S1\objectdb-2.7.2\objectdb.conf

[2017-11-01 16:41:06 #4 store] 
Database 'C:\Users\fbarcia\Documents\NetBeansProjects\M06\EAC2-1718S1\objectdb-2.7.2\db\fitxer.odb' is closed by 13516@DESKTOP-CQEL88O

[2017-11-01 16:41:07 #5 store] 
Database 'C:\Users\fbarcia\Documents\NetBeansProjects\M06\EAC2-1718S1\objectdb-2.7.2\db\fitxer.odb' is opened by 13516@DESKTOP-CQEL88O

[2017-11-01 16:41:07 #6 store] 
Configuration path: C:\Users\fbarcia\Documents\NetBeansProjects\M06\EAC2-1718S1\objectdb-2.7.2\objectdb.conf

[2017-11-01 16:41:07 #7 store] 
Database 'C:\Users\fbarcia\Documents\NetBeansProjects\M06\EAC2-1718S1\objectdb-2.7.2\db\fitxer.odb' is closed by 13516@DESKTOP-CQEL88O

[2017-11-01 16:41:07 #8 store] 
Database 'C:\Users\fbarcia\Documents\NetBeansProjects\M06\EAC2-1718S1\objectdb-2.7.2\db\fitxer.odb' is opened by 13516@DESKTOP-CQEL88O

[2017-11-01 16:41:07 #9 store] 
Configuration path: C:\Users\fbarcia\Documents\NetBeansProjects\M06\EAC2-1718S1\objectdb-2.7.2\objectdb.conf

[2017-11-01 16:41:07 #10 store] 
Database 'C:\Users\fbarcia\Documents\NetBeansProjects\M06\EAC2-1718S1\objectdb-2.7.2\db\fitxer.odb' is closed by 13516@DESKTOP-CQEL88O

[2017-11-01 16:41:07 #11 store] 
Database 'C:\Users\fbarcia\Documents\NetBeansProjects\M06\EAC2-1718S1\objectdb-2.7.2\db\fitxer.odb' is opened by 13516@DESKTOP-CQEL88O

[2017-11-01 16:41:07 #12 store] 
Configuration path: C:\Users\fbarcia\Documents\NetBeansProjects\M06\EAC2-1718S1\objectdb-2.7.2\objectdb.conf

[2017-11-01 16:41:07 #13 store] 
Database 'C:\Users\fbarcia\Documents\NetBeansProjects\M06\EAC2-1718S1\objectdb-2.7.2\db\fitxer.odb' is closed by 13516@DESKTOP-CQEL88O

[2017-11-01 16:41:07 #14 store] 
Database 'C:\Users\fbarcia\Documents\NetBeansProjects\M06\EAC2-1718S1\objectdb-2.7.2\db\fitxer.odb' is opened by 13516@DESKTOP-CQEL88O

[2017-11-01 16:41:07 #15 store] 
Configuration path: C:\Users\fbarcia\Documents\NetBeansProjects\M06\EAC2-1718S1\objectdb-2.7.2\objectdb.conf

[2017-11-01 16:41:07 #16 store] 
Database 'C:\Users\fbarcia\Documents\NetBeansProjects\M06\EAC2-1718S1\objectdb-2.7.2\db\fitxer.odb' is closed by 13516@DESKTOP-CQEL88O

[2017-11-01 16:41:07 #17 store] 
Database 'C:\Users\fbarcia\Documents\NetBeansProjects\M06\EAC2-1718S1\objectdb-2.7.2\db\fitxer.odb' is opened by 13516@DESKTOP-CQEL88O

[2017-11-01 16:41:07 #18 store] 
Configuration path: C:\Users\fbarcia\Documents\NetBeansProjects\M06\EAC2-1718S1\objectdb-2.7.2\objectdb.conf

[2017-11-01 16:41:07 #19 store] 
Database 'C:\Users\fbarcia\Documents\NetBeansProjects\M06\EAC2-1718S1\objectdb-2.7.2\db\fitxer.odb' is closed by 13516@DESKTOP-CQEL88O

[2017-11-01 16:41:07 #20 store] 
Database 'C:\Users\fbarcia\Documents\NetBeansProjects\M06\EAC2-1718S1\objectdb-2.7.2\db\fitxer.odb' is opened by 13516@DESKTOP-CQEL88O

[2017-11-01 16:41:07 #21 store] 
Configuration path: C:\Users\fbarcia\Documents\NetBeansProjects\M06\EAC2-1718S1\objectdb-2.7.2\objectdb.conf

[2017-11-01 16:41:07 #22 store] 
Database 'C:\Users\fbarcia\Documents\NetBeansProjects\M06\EAC2-1718S1\objectdb-2.7.2\db\fitxer.odb' is closed by 13516@DESKTOP-CQEL88O

[2017-11-01 16:41:07 #23 store] 
Database 'C:\Users\fbarcia\Documents\NetBeansProjects\M06\EAC2-1718S1\objectdb-2.7.2\db\fitxer.odb' is opened by 13516@DESKTOP-CQEL88O

[2017-11-01 16:41:07 #24 store] 
Configuration path: C:\Users\fbarcia\Documents\NetBeansProjects\M06\EAC2-1718S1\objectdb-2.7.2\objectdb.conf

[2017-11-01 16:41:07 #25 store] 
Database 'C:\Users\fbarcia\Documents\NetBeansProjects\M06\EAC2-1718S1\objectdb-2.7.2\db\fitxer.odb' is closed by 13516@DESKTOP-CQEL88O

[2017-11-01 16:41:07 #26 store] 
Database 'C:\Users\fbarcia\Documents\NetBeansProjects\M06\EAC2-1718S1\objectdb-2.7.2\db\fitxer.odb' is opened by 13516@DESKTOP-CQEL88O

[2017-11-01 16:41:07 #27 store] 
Configuration path: C:\Users\fbarcia\Documents\NetBeansProjects\M06\EAC2-1718S1\objectdb-2.7.2\objectdb.conf

[2017-11-01 16:41:07 #28 store] 
Database 'C:\Users\fbarcia\Documents\NetBeansProjects\M06\EAC2-1718S1\objectdb-2.7.2\db\fitxer.odb' is closed by 13516@DESKTOP-CQEL88O

[2017-11-01 16:41:07 #29 store] 
Database 'C:\Users\fbarcia\Documents\NetBeansProjects\M06\EAC2-1718S1\objectdb-2.7.2\db\fitxer.odb' is opened by 13516@DESKTOP-CQEL88O

[2017-11-01 16:41:07 #30 store] 
Configuration path: C:\Users\fbarcia\Documents\NetBeansProjects\M06\EAC2-1718S1\objectdb-2.7.2\objectdb.conf

[2017-11-01 16:41:07 #31 store] 
Database 'C:\Users\fbarcia\Documents\NetBeansProjects\M06\EAC2-1718S1\objectdb-2.7.2\db\fitxer.odb' is closed by 13516@DESKTOP-CQEL88O

[2017-11-01 16:41:07 #32 store] 
Database 'C:\Users\fbarcia\Documents\NetBeansProjects\M06\EAC2-1718S1\objectdb-2.7.2\db\fitxer.odb' is opened by 13516@DESKTOP-CQEL88O

[2017-11-01 16:41:07 #33 store] 
Configuration path: C:\Users\fbarcia\Documents\NetBeansProjects\M06\EAC2-1718S1\objectdb-2.7.2\objectdb.conf

[2017-11-01 16:41:07 #34 store] 
Database 'C:\Users\fbarcia\Documents\NetBeansProjects\M06\EAC2-1718S1\objectdb-2.7.2\db\fitxer.odb' is closed by 13516@DESKTOP-CQEL88O

[2017-11-01 16:41:07 #35 store] 
Database 'C:\Users\fbarcia\Documents\NetBeansProjects\M06\EAC2-1718S1\objectdb-2.7.2\db\fitxer.odb' is opened by 13516@DESKTOP-CQEL88O

[2017-11-01 16:41:07 #36 store] 
Configuration path: C:\Users\fbarcia\Documents\NetBeansProjects\M06\EAC2-1718S1\objectdb-2.7.2\objectdb.conf

[2017-11-01 16:41:07 #37 store] 
Database 'C:\Users\fbarcia\Documents\NetBeansProjects\M06\EAC2-1718S1\objectdb-2.7.2\db\fitxer.odb' is closed by 13516@DESKTOP-CQEL88O

[2017-11-01 16:41:07 #38 store] 
Database 'C:\Users\fbarcia\Documents\NetBeansProjects\M06\EAC2-1718S1\objectdb-2.7.2\db\fitxer.odb' is opened by 13516@DESKTOP-CQEL88O

[2017-11-01 16:41:07 #39 store] 
Configuration path: C:\Users\fbarcia\Documents\NetBeansProjects\M06\EAC2-1718S1\objectdb-2.7.2\objectdb.conf

[2017-11-01 16:41:07 #40 store] 
Database 'C:\Users\fbarcia\Documents\NetBeansProjects\M06\EAC2-1718S1\objectdb-2.7.2\db\fitxer.odb' is closed by 13516@DESKTOP-CQEL88O

[2017-11-01 16:41:07 #41 store] 
Database 'C:\Users\fbarcia\Documents\NetBeansProjects\M06\EAC2-1718S1\objectdb-2.7.2\db\fitxer.odb' is opened by 13516@DESKTOP-CQEL88O

[2017-11-01 16:41:07 #42 store] 
Configuration path: C:\Users\fbarcia\Documents\NetBeansProjects\M06\EAC2-1718S1\objectdb-2.7.2\objectdb.conf

[2017-11-01 16:41:07 #43 store] 
Database 'C:\Users\fbarcia\Documents\NetBeansProjects\M06\EAC2-1718S1\objectdb-2.7.2\db\fitxer.odb' is closed by 13516@DESKTOP-CQEL88O

[2017-11-01 16:41:07 #44 store] 
Database 'C:\Users\fbarcia\Documents\NetBeansProjects\M06\EAC2-1718S1\objectdb-2.7.2\db\fitxer.odb' is opened by 13516@DESKTOP-CQEL88O

[2017-11-01 16:41:07 #45 store] 
Configuration path: C:\Users\fbarcia\Documents\NetBeansProjects\M06\EAC2-1718S1\objectdb-2.7.2\objectdb.conf

[2017-11-01 16:41:07 #46 store] 
Database 'C:\Users\fbarcia\Documents\NetBeansProjects\M06\EAC2-1718S1\objectdb-2.7.2\db\fitxer.odb' is closed by 13516@DESKTOP-CQEL88O

[2017-11-01 16:41:07 #47 store] 
Database 'C:\Users\fbarcia\Documents\NetBeansProjects\M06\EAC2-1718S1\objectdb-2.7.2\db\fitxer.odb' is opened by 13516@DESKTOP-CQEL88O

[2017-11-01 16:41:07 #48 store] 
Configuration path: C:\Users\fbarcia\Documents\NetBeansProjects\M06\EAC2-1718S1\objectdb-2.7.2\objectdb.conf

[2017-11-01 16:41:07 #49 store] 
Database 'C:\Users\fbarcia\Documents\NetBeansProjects\M06\EAC2-1718S1\objectdb-2.7.2\db\fitxer.odb' is closed by 13516@DESKTOP-CQEL88O

[2017-11-01 16:41:07 #50 store] 
Database 'C:\Users\fbarcia\Documents\NetBeansProjects\M06\EAC2-1718S1\objectdb-2.7.2\db\fitxer.odb' is opened by 13516@DESKTOP-CQEL88O

[2017-11-01 16:41:07 #51 store] 
Configuration path: C:\Users\fbarcia\Documents\NetBeansProjects\M06\EAC2-1718S1\objectdb-2.7.2\objectdb.conf

[2017-11-01 16:41:07 #52 store] 
Database 'C:\Users\fbarcia\Documents\NetBeansProjects\M06\EAC2-1718S1\objectdb-2.7.2\db\fitxer.odb' is closed by 13516@DESKTOP-CQEL88O

[2017-11-01 16:41:07 #53 store] 
Database 'C:\Users\fbarcia\Documents\NetBeansProjects\M06\EAC2-1718S1\objectdb-2.7.2\db\fitxer.odb' is opened by 13516@DESKTOP-CQEL88O

[2017-11-01 16:41:07 #54 store] 
Configuration path: C:\Users\fbarcia\Documents\NetBeansProjects\M06\EAC2-1718S1\objectdb-2.7.2\objectdb.conf

[2017-11-01 16:41:07 #55 store] 
Database 'C:\Users\fbarcia\Documents\NetBeansProjects\M06\EAC2-1718S1\objectdb-2.7.2\db\fitxer.odb' is closed by 13516@DESKTOP-CQEL88O

[2017-11-01 16:41:07 #56 store] 
Database 'C:\Users\fbarcia\Documents\NetBeansProjects\M06\EAC2-1718S1\objectdb-2.7.2\db\fitxer.odb' is opened by 13516@DESKTOP-CQEL88O

[2017-11-01 16:41:07 #57 store] 
Configuration path: C:\Users\fbarcia\Documents\NetBeansProjects\M06\EAC2-1718S1\objectdb-2.7.2\objectdb.conf

[2017-11-01 16:41:07 #58 store] 
Database 'C:\Users\fbarcia\Documents\NetBeansProjects\M06\EAC2-1718S1\objectdb-2.7.2\db\fitxer.odb' is closed by 13516@DESKTOP-CQEL88O

[2017-11-01 16:45:00 #59 store] 
Database 'C:\Users\fbarcia\Documents\NetBeansProjects\M06\EAC2-1718S1\objectdb-2.7.2\db\fitxer.odb' is opened by 13516@DESKTOP-CQEL88O

[2017-11-01 16:45:00 #60 store] 
Configuration path: C:\Users\fbarcia\Documents\NetBeansProjects\M06\EAC2-1718S1\objectdb-2.7.2\objectdb.conf

[2017-11-01 16:45:00 #61 store] 
Database 'C:\Users\fbarcia\Documents\NetBeansProjects\M06\EAC2-1718S1\objectdb-2.7.2\db\fitxer.odb' is closed by 13516@DESKTOP-CQEL88O

[2017-11-01 16:45:01 #62 store] 
Database 'C:\Users\fbarcia\Documents\NetBeansProjects\M06\EAC2-1718S1\objectdb-2.7.2\db\fitxer.odb' is opened by 13516@DESKTOP-CQEL88O

[2017-11-01 16:45:01 #63 store] 
Configuration path: C:\Users\fbarcia\Documents\NetBeansProjects\M06\EAC2-1718S1\objectdb-2.7.2\objectdb.conf

[2017-11-01 16:45:01 #64 store] 
Database 'C:\Users\fbarcia\Documents\NetBeansProjects\M06\EAC2-1718S1\objectdb-2.7.2\db\fitxer.odb' is closed by 13516@DESKTOP-CQEL88O

[2017-11-01 16:45:01 #65 store] 
Database 'C:\Users\fbarcia\Documents\NetBeansProjects\M06\EAC2-1718S1\objectdb-2.7.2\db\fitxer.odb' is opened by 13516@DESKTOP-CQEL88O

[2017-11-01 16:45:01 #66 store] 
Configuration path: C:\Users\fbarcia\Documents\NetBeansProjects\M06\EAC2-1718S1\objectdb-2.7.2\objectdb.conf

[2017-11-01 16:45:01 #67 store] 
Database 'C:\Users\fbarcia\Documents\NetBeansProjects\M06\EAC2-1718S1\objectdb-2.7.2\db\fitxer.odb' is closed by 13516@DESKTOP-CQEL88O

[2017-11-01 16:45:01 #68 store] 
Database 'C:\Users\fbarcia\Documents\NetBeansProjects\M06\EAC2-1718S1\objectdb-2.7.2\db\fitxer.odb' is opened by 13516@DESKTOP-CQEL88O

[2017-11-01 16:45:01 #69 store] 
Configuration path: C:\Users\fbarcia\Documents\NetBeansProjects\M06\EAC2-1718S1\objectdb-2.7.2\objectdb.conf

[2017-11-01 16:45:01 #70 store] 
Database 'C:\Users\fbarcia\Documents\NetBeansProjects\M06\EAC2-1718S1\objectdb-2.7.2\db\fitxer.odb' is closed by 13516@DESKTOP-CQEL88O

[2017-11-01 16:45:01 #71 store] 
Database 'C:\Users\fbarcia\Documents\NetBeansProjects\M06\EAC2-1718S1\objectdb-2.7.2\db\fitxer.odb' is opened by 13516@DESKTOP-CQEL88O

[2017-11-01 16:45:01 #72 store] 
Configuration path: C:\Users\fbarcia\Documents\NetBeansProjects\M06\EAC2-1718S1\objectdb-2.7.2\objectdb.conf

[2017-11-01 16:45:01 #73 store] 
Database 'C:\Users\fbarcia\Documents\NetBeansProjects\M06\EAC2-1718S1\objectdb-2.7.2\db\fitxer.odb' is closed by 13516@DESKTOP-CQEL88O

[2017-11-01 16:45:01 #74 store] 
Database 'C:\Users\fbarcia\Documents\NetBeansProjects\M06\EAC2-1718S1\objectdb-2.7.2\db\fitxer.odb' is opened by 13516@DESKTOP-CQEL88O

[2017-11-01 16:45:01 #75 store] 
Configuration path: C:\Users\fbarcia\Documents\NetBeansProjects\M06\EAC2-1718S1\objectdb-2.7.2\objectdb.conf

[2017-11-01 16:45:01 #76 store] 
Database 'C:\Users\fbarcia\Documents\NetBeansProjects\M06\EAC2-1718S1\objectdb-2.7.2\db\fitxer.odb' is closed by 13516@DESKTOP-CQEL88O

[2017-11-01 16:45:01 #77 store] 
Database 'C:\Users\fbarcia\Documents\NetBeansProjects\M06\EAC2-1718S1\objectdb-2.7.2\db\fitxer.odb' is opened by 13516@DESKTOP-CQEL88O

[2017-11-01 16:45:01 #78 store] 
Configuration path: C:\Users\fbarcia\Documents\NetBeansProjects\M06\EAC2-1718S1\objectdb-2.7.2\objectdb.conf

[2017-11-01 16:45:01 #79 store] 
Database 'C:\Users\fbarcia\Documents\NetBeansProjects\M06\EAC2-1718S1\objectdb-2.7.2\db\fitxer.odb' is closed by 13516@DESKTOP-CQEL88O

[2017-11-01 16:45:01 #80 store] 
Database 'C:\Users\fbarcia\Documents\NetBeansProjects\M06\EAC2-1718S1\objectdb-2.7.2\db\fitxer.odb' is opened by 13516@DESKTOP-CQEL88O

[2017-11-01 16:45:01 #81 store] 
Configuration path: C:\Users\fbarcia\Documents\NetBeansProjects\M06\EAC2-1718S1\objectdb-2.7.2\objectdb.conf

[2017-11-01 16:45:01 #82 store] 
Database 'C:\Users\fbarcia\Documents\NetBeansProjects\M06\EAC2-1718S1\objectdb-2.7.2\db\fitxer.odb' is closed by 13516@DESKTOP-CQEL88O

[2017-11-01 16:45:01 #83 store] 
Database 'C:\Users\fbarcia\Documents\NetBeansProjects\M06\EAC2-1718S1\objectdb-2.7.2\db\fitxer.odb' is opened by 13516@DESKTOP-CQEL88O

[2017-11-01 16:45:01 #84 store] 
Configuration path: C:\Users\fbarcia\Documents\NetBeansProjects\M06\EAC2-1718S1\objectdb-2.7.2\objectdb.conf

[2017-11-01 16:45:01 #85 store] 
Database 'C:\Users\fbarcia\Documents\NetBeansProjects\M06\EAC2-1718S1\objectdb-2.7.2\db\fitxer.odb' is closed by 13516@DESKTOP-CQEL88O

[2017-11-01 16:45:01 #86 store] 
Database 'C:\Users\fbarcia\Documents\NetBeansProjects\M06\EAC2-1718S1\objectdb-2.7.2\db\fitxer.odb' is opened by 13516@DESKTOP-CQEL88O

[2017-11-01 16:45:01 #87 store] 
Configuration path: C:\Users\fbarcia\Documents\NetBeansProjects\M06\EAC2-1718S1\objectdb-2.7.2\objectdb.conf

[2017-11-01 16:45:01 #88 store] 
Database 'C:\Users\fbarcia\Documents\NetBeansProjects\M06\EAC2-1718S1\objectdb-2.7.2\db\fitxer.odb' is closed by 13516@DESKTOP-CQEL88O

[2017-11-01 16:45:01 #89 store] 
Database 'C:\Users\fbarcia\Documents\NetBeansProjects\M06\EAC2-1718S1\objectdb-2.7.2\db\fitxer.odb' is opened by 13516@DESKTOP-CQEL88O

[2017-11-01 16:45:01 #90 store] 
Configuration path: C:\Users\fbarcia\Documents\NetBeansProjects\M06\EAC2-1718S1\objectdb-2.7.2\objectdb.conf

[2017-11-01 16:45:01 #91 store] 
Database 'C:\Users\fbarcia\Documents\NetBeansProjects\M06\EAC2-1718S1\objectdb-2.7.2\db\fitxer.odb' is closed by 13516@DESKTOP-CQEL88O

[2017-11-01 16:45:01 #92 store] 
Database 'C:\Users\fbarcia\Documents\NetBeansProjects\M06\EAC2-1718S1\objectdb-2.7.2\db\fitxer.odb' is opened by 13516@DESKTOP-CQEL88O

[2017-11-01 16:45:01 #93 store] 
Configuration path: C:\Users\fbarcia\Documents\NetBeansProjects\M06\EAC2-1718S1\objectdb-2.7.2\objectdb.conf

[2017-11-01 16:45:01 #94 store] 
Database 'C:\Users\fbarcia\Documents\NetBeansProjects\M06\EAC2-1718S1\objectdb-2.7.2\db\fitxer.odb' is closed by 13516@DESKTOP-CQEL88O

[2017-11-01 16:45:01 #95 store] 
Database 'C:\Users\fbarcia\Documents\NetBeansProjects\M06\EAC2-1718S1\objectdb-2.7.2\db\fitxer.odb' is opened by 13516@DESKTOP-CQEL88O

[2017-11-01 16:45:01 #96 store] 
Configuration path: C:\Users\fbarcia\Documents\NetBeansProjects\M06\EAC2-1718S1\objectdb-2.7.2\objectdb.conf

[2017-11-01 16:45:01 #97 store] 
Database 'C:\Users\fbarcia\Documents\NetBeansProjects\M06\EAC2-1718S1\objectdb-2.7.2\db\fitxer.odb' is closed by 13516@DESKTOP-CQEL88O

[2017-11-01 16:45:01 #98 store] 
Database 'C:\Users\fbarcia\Documents\NetBeansProjects\M06\EAC2-1718S1\objectdb-2.7.2\db\fitxer.odb' is opened by 13516@DESKTOP-CQEL88O

[2017-11-01 16:45:01 #99 store] 
Configuration path: C:\Users\fbarcia\Documents\NetBeansProjects\M06\EAC2-1718S1\objectdb-2.7.2\objectdb.conf

[2017-11-01 16:45:01 #100 store] 
Database 'C:\Users\fbarcia\Documents\NetBeansProjects\M06\EAC2-1718S1\objectdb-2.7.2\db\fitxer.odb' is closed by 13516@DESKTOP-CQEL88O

[2017-11-01 16:45:01 #101 store] 
Database 'C:\Users\fbarcia\Documents\NetBeansProjects\M06\EAC2-1718S1\objectdb-2.7.2\db\fitxer.odb' is opened by 13516@DESKTOP-CQEL88O

[2017-11-01 16:45:01 #102 store] 
Configuration path: C:\Users\fbarcia\Documents\NetBeansProjects\M06\EAC2-1718S1\objectdb-2.7.2\objectdb.conf

[2017-11-01 16:45:01 #103 store] 
Database 'C:\Users\fbarcia\Documents\NetBeansProjects\M06\EAC2-1718S1\objectdb-2.7.2\db\fitxer.odb' is closed by 13516@DESKTOP-CQEL88O

[2017-11-01 16:45:01 #104 store] 
Database 'C:\Users\fbarcia\Documents\NetBeansProjects\M06\EAC2-1718S1\objectdb-2.7.2\db\fitxer.odb' is opened by 13516@DESKTOP-CQEL88O

[2017-11-01 16:45:01 #105 store] 
Configuration path: C:\Users\fbarcia\Documents\NetBeansProjects\M06\EAC2-1718S1\objectdb-2.7.2\objectdb.conf

[2017-11-01 16:45:01 #106 store] 
Database 'C:\Users\fbarcia\Documents\NetBeansProjects\M06\EAC2-1718S1\objectdb-2.7.2\db\fitxer.odb' is closed by 13516@DESKTOP-CQEL88O

[2017-11-01 16:45:01 #107 store] 
Database 'C:\Users\fbarcia\Documents\NetBeansProjects\M06\EAC2-1718S1\objectdb-2.7.2\db\fitxer.odb' is opened by 13516@DESKTOP-CQEL88O

[2017-11-01 16:45:01 #108 store] 
Configuration path: C:\Users\fbarcia\Documents\NetBeansProjects\M06\EAC2-1718S1\objectdb-2.7.2\objectdb.conf

[2017-11-01 16:45:01 #109 store] 
Database 'C:\Users\fbarcia\Documents\NetBeansProjects\M06\EAC2-1718S1\objectdb-2.7.2\db\fitxer.odb' is closed by 13516@DESKTOP-CQEL88O

[2017-11-01 16:45:01 #110 store] 
Database 'C:\Users\fbarcia\Documents\NetBeansProjects\M06\EAC2-1718S1\objectdb-2.7.2\db\fitxer.odb' is opened by 13516@DESKTOP-CQEL88O

[2017-11-01 16:45:01 #111 store] 
Configuration path: C:\Users\fbarcia\Documents\NetBeansProjects\M06\EAC2-1718S1\objectdb-2.7.2\objectdb.conf

[2017-11-01 16:45:01 #112 store] 
Database 'C:\Users\fbarcia\Documents\NetBeansProjects\M06\EAC2-1718S1\objectdb-2.7.2\db\fitxer.odb' is closed by 13516@DESKTOP-CQEL88O

[2017-11-01 16:45:01 #113 store] 
Database 'C:\Users\fbarcia\Documents\NetBeansProjects\M06\EAC2-1718S1\objectdb-2.7.2\db\fitxer.odb' is opened by 13516@DESKTOP-CQEL88O

[2017-11-01 16:45:01 #114 store] 
Configuration path: C:\Users\fbarcia\Documents\NetBeansProjects\M06\EAC2-1718S1\objectdb-2.7.2\objectdb.conf

[2017-11-01 16:45:01 #115 store] 
Database 'C:\Users\fbarcia\Documents\NetBeansProjects\M06\EAC2-1718S1\objectdb-2.7.2\db\fitxer.odb' is closed by 13516@DESKTOP-CQEL88O

[2017-11-01 19:55:02 #116 store] 
Database 'C:\Users\fbarcia\Documents\NetBeansProjects\M06\EAC2-1718S1\objectdb-2.7.2\db\fitxer.odb' is opened by 13516@DESKTOP-CQEL88O

[2017-11-01 19:55:02 #117 store] 
Configuration path: C:\Users\fbarcia\Documents\NetBeansProjects\M06\EAC2-1718S1\objectdb-2.7.2\objectdb.conf

[2017-11-01 19:55:02 #118 store] 
Database 'C:\Users\fbarcia\Documents\NetBeansProjects\M06\EAC2-1718S1\objectdb-2.7.2\db\fitxer.odb' is closed by 13516@DESKTOP-CQEL88O

[2017-11-01 19:55:02 #119 store] 
Database 'C:\Users\fbarcia\Documents\NetBeansProjects\M06\EAC2-1718S1\objectdb-2.7.2\db\fitxer.odb' is opened by 13516@DESKTOP-CQEL88O

[2017-11-01 19:55:02 #120 store] 
Configuration path: C:\Users\fbarcia\Documents\NetBeansProjects\M06\EAC2-1718S1\objectdb-2.7.2\objectdb.conf

[2017-11-01 19:55:02 #121 store] 
Database 'C:\Users\fbarcia\Documents\NetBeansProjects\M06\EAC2-1718S1\objectdb-2.7.2\db\fitxer.odb' is closed by 13516@DESKTOP-CQEL88O

[2017-11-01 19:55:02 #122 store] 
Database 'C:\Users\fbarcia\Documents\NetBeansProjects\M06\EAC2-1718S1\objectdb-2.7.2\db\fitxer.odb' is opened by 13516@DESKTOP-CQEL88O

[2017-11-01 19:55:02 #123 store] 
Configuration path: C:\Users\fbarcia\Documents\NetBeansProjects\M06\EAC2-1718S1\objectdb-2.7.2\objectdb.conf

[2017-11-01 19:55:02 #124 store] 
Database 'C:\Users\fbarcia\Documents\NetBeansProjects\M06\EAC2-1718S1\objectdb-2.7.2\db\fitxer.odb' is closed by 13516@DESKTOP-CQEL88O

[2017-11-01 19:55:02 #125 store] 
Database 'C:\Users\fbarcia\Documents\NetBeansProjects\M06\EAC2-1718S1\objectdb-2.7.2\db\fitxer.odb' is opened by 13516@DESKTOP-CQEL88O

[2017-11-01 19:55:02 #126 store] 
Configuration path: C:\Users\fbarcia\Documents\NetBeansProjects\M06\EAC2-1718S1\objectdb-2.7.2\objectdb.conf

[2017-11-01 19:55:02 #127 store] 
Database 'C:\Users\fbarcia\Documents\NetBeansProjects\M06\EAC2-1718S1\objectdb-2.7.2\db\fitxer.odb' is closed by 13516@DESKTOP-CQEL88O

[2017-11-01 19:55:02 #128 store] 
Database 'C:\Users\fbarcia\Documents\NetBeansProjects\M06\EAC2-1718S1\objectdb-2.7.2\db\fitxer.odb' is opened by 13516@DESKTOP-CQEL88O

[2017-11-01 19:55:02 #129 store] 
Configuration path: C:\Users\fbarcia\Documents\NetBeansProjects\M06\EAC2-1718S1\objectdb-2.7.2\objectdb.conf

[2017-11-01 19:55:03 #130 store] 
Database 'C:\Users\fbarcia\Documents\NetBeansProjects\M06\EAC2-1718S1\objectdb-2.7.2\db\fitxer.odb' is closed by 13516@DESKTOP-CQEL88O

[2017-11-01 19:55:03 #131 store] 
Database 'C:\Users\fbarcia\Documents\NetBeansProjects\M06\EAC2-1718S1\objectdb-2.7.2\db\fitxer.odb' is opened by 13516@DESKTOP-CQEL88O

[2017-11-01 19:55:03 #132 store] 
Configuration path: C:\Users\fbarcia\Documents\NetBeansProjects\M06\EAC2-1718S1\objectdb-2.7.2\objectdb.conf

[2017-11-01 19:55:03 #133 store] 
Database 'C:\Users\fbarcia\Documents\NetBeansProjects\M06\EAC2-1718S1\objectdb-2.7.2\db\fitxer.odb' is closed by 13516@DESKTOP-CQEL88O

[2017-11-01 19:55:03 #134 store] 
Database 'C:\Users\fbarcia\Documents\NetBeansProjects\M06\EAC2-1718S1\objectdb-2.7.2\db\fitxer.odb' is opened by 13516@DESKTOP-CQEL88O

[2017-11-01 19:55:03 #135 store] 
Configuration path: C:\Users\fbarcia\Documents\NetBeansProjects\M06\EAC2-1718S1\objectdb-2.7.2\objectdb.conf

[2017-11-01 19:55:03 #136 store] 
Database 'C:\Users\fbarcia\Documents\NetBeansProjects\M06\EAC2-1718S1\objectdb-2.7.2\db\fitxer.odb' is closed by 13516@DESKTOP-CQEL88O

[2017-11-01 19:55:03 #137 store] 
Database 'C:\Users\fbarcia\Documents\NetBeansProjects\M06\EAC2-1718S1\objectdb-2.7.2\db\fitxer.odb' is opened by 13516@DESKTOP-CQEL88O

[2017-11-01 19:55:03 #138 store] 
Configuration path: C:\Users\fbarcia\Documents\NetBeansProjects\M06\EAC2-1718S1\objectdb-2.7.2\objectdb.conf

[2017-11-01 19:55:03 #139 store] 
Database 'C:\Users\fbarcia\Documents\NetBeansProjects\M06\EAC2-1718S1\objectdb-2.7.2\db\fitxer.odb' is closed by 13516@DESKTOP-CQEL88O

[2017-11-01 19:55:03 #140 store] 
Database 'C:\Users\fbarcia\Documents\NetBeansProjects\M06\EAC2-1718S1\objectdb-2.7.2\db\fitxer.odb' is opened by 13516@DESKTOP-CQEL88O

[2017-11-01 19:55:03 #141 store] 
Configuration path: C:\Users\fbarcia\Documents\NetBeansProjects\M06\EAC2-1718S1\objectdb-2.7.2\objectdb.conf

[2017-11-01 19:55:03 #142 store] 
Database 'C:\Users\fbarcia\Documents\NetBeansProjects\M06\EAC2-1718S1\objectdb-2.7.2\db\fitxer.odb' is closed by 13516@DESKTOP-CQEL88O

[2017-11-01 19:55:03 #143 store] 
Database 'C:\Users\fbarcia\Documents\NetBeansProjects\M06\EAC2-1718S1\objectdb-2.7.2\db\fitxer.odb' is opened by 13516@DESKTOP-CQEL88O

[2017-11-01 19:55:03 #144 store] 
Configuration path: C:\Users\fbarcia\Documents\NetBeansProjects\M06\EAC2-1718S1\objectdb-2.7.2\objectdb.conf

[2017-11-01 19:55:03 #145 store] 
Database 'C:\Users\fbarcia\Documents\NetBeansProjects\M06\EAC2-1718S1\objectdb-2.7.2\db\fitxer.odb' is closed by 13516@DESKTOP-CQEL88O

[2017-11-01 19:55:03 #146 store] 
Database 'C:\Users\fbarcia\Documents\NetBeansProjects\M06\EAC2-1718S1\objectdb-2.7.2\db\fitxer.odb' is opened by 13516@DESKTOP-CQEL88O

[2017-11-01 19:55:03 #147 store] 
Configuration path: C:\Users\fbarcia\Documents\NetBeansProjects\M06\EAC2-1718S1\objectdb-2.7.2\objectdb.conf

[2017-11-01 19:55:03 #148 store] 
Database 'C:\Users\fbarcia\Documents\NetBeansProjects\M06\EAC2-1718S1\objectdb-2.7.2\db\fitxer.odb' is closed by 13516@DESKTOP-CQEL88O

[2017-11-01 19:55:03 #149 store] 
Database 'C:\Users\fbarcia\Documents\NetBeansProjects\M06\EAC2-1718S1\objectdb-2.7.2\db\fitxer.odb' is opened by 13516@DESKTOP-CQEL88O

[2017-11-01 19:55:03 #150 store] 
Configuration path: C:\Users\fbarcia\Documents\NetBeansProjects\M06\EAC2-1718S1\objectdb-2.7.2\objectdb.conf

[2017-11-01 19:55:03 #151 store] 
Database 'C:\Users\fbarcia\Documents\NetBeansProjects\M06\EAC2-1718S1\objectdb-2.7.2\db\fitxer.odb' is closed by 13516@DESKTOP-CQEL88O

[2017-11-01 19:55:03 #152 store] 
Database 'C:\Users\fbarcia\Documents\NetBeansProjects\M06\EAC2-1718S1\objectdb-2.7.2\db\fitxer.odb' is opened by 13516@DESKTOP-CQEL88O

[2017-11-01 19:55:03 #153 store] 
Configuration path: C:\Users\fbarcia\Documents\NetBeansProjects\M06\EAC2-1718S1\objectdb-2.7.2\objectdb.conf

[2017-11-01 19:55:03 #154 store] 
Database 'C:\Users\fbarcia\Documents\NetBeansProjects\M06\EAC2-1718S1\objectdb-2.7.2\db\fitxer.odb' is closed by 13516@DESKTOP-CQEL88O

[2017-11-01 19:55:03 #155 store] 
Database 'C:\Users\fbarcia\Documents\NetBeansProjects\M06\EAC2-1718S1\objectdb-2.7.2\db\fitxer.odb' is opened by 13516@DESKTOP-CQEL88O

[2017-11-01 19:55:03 #156 store] 
Configuration path: C:\Users\fbarcia\Documents\NetBeansProjects\M06\EAC2-1718S1\objectdb-2.7.2\objectdb.conf

[2017-11-01 19:55:03 #157 store] 
Database 'C:\Users\fbarcia\Documents\NetBeansProjects\M06\EAC2-1718S1\objectdb-2.7.2\db\fitxer.odb' is closed by 13516@DESKTOP-CQEL88O

[2017-11-01 19:55:03 #158 store] 
Database 'C:\Users\fbarcia\Documents\NetBeansProjects\M06\EAC2-1718S1\objectdb-2.7.2\db\fitxer.odb' is opened by 13516@DESKTOP-CQEL88O

[2017-11-01 19:55:03 #159 store] 
Configuration path: C:\Users\fbarcia\Documents\NetBeansProjects\M06\EAC2-1718S1\objectdb-2.7.2\objectdb.conf

[2017-11-01 19:55:03 #160 store] 
Database 'C:\Users\fbarcia\Documents\NetBeansProjects\M06\EAC2-1718S1\objectdb-2.7.2\db\fitxer.odb' is closed by 13516@DESKTOP-CQEL88O

[2017-11-01 19:55:03 #161 store] 
Database 'C:\Users\fbarcia\Documents\NetBeansProjects\M06\EAC2-1718S1\objectdb-2.7.2\db\fitxer.odb' is opened by 13516@DESKTOP-CQEL88O

[2017-11-01 19:55:03 #162 store] 
Configuration path: C:\Users\fbarcia\Documents\NetBeansProjects\M06\EAC2-1718S1\objectdb-2.7.2\objectdb.conf

[2017-11-01 19:55:03 #163 store] 
Database 'C:\Users\fbarcia\Documents\NetBeansProjects\M06\EAC2-1718S1\objectdb-2.7.2\db\fitxer.odb' is closed by 13516@DESKTOP-CQEL88O

[2017-11-01 19:55:03 #164 store] 
Database 'C:\Users\fbarcia\Documents\NetBeansProjects\M06\EAC2-1718S1\objectdb-2.7.2\db\fitxer.odb' is opened by 13516@DESKTOP-CQEL88O

[2017-11-01 19:55:03 #165 store] 
Configuration path: C:\Users\fbarcia\Documents\NetBeansProjects\M06\EAC2-1718S1\objectdb-2.7.2\objectdb.conf

[2017-11-01 19:55:03 #166 store] 
Database 'C:\Users\fbarcia\Documents\NetBeansProjects\M06\EAC2-1718S1\objectdb-2.7.2\db\fitxer.odb' is closed by 13516@DESKTOP-CQEL88O

[2017-11-01 19:55:03 #167 store] 
Database 'C:\Users\fbarcia\Documents\NetBeansProjects\M06\EAC2-1718S1\objectdb-2.7.2\db\fitxer.odb' is opened by 13516@DESKTOP-CQEL88O

[2017-11-01 19:55:03 #168 store] 
Configuration path: C:\Users\fbarcia\Documents\NetBeansProjects\M06\EAC2-1718S1\objectdb-2.7.2\objectdb.conf

[2017-11-01 19:55:03 #169 store] 
Database 'C:\Users\fbarcia\Documents\NetBeansProjects\M06\EAC2-1718S1\objectdb-2.7.2\db\fitxer.odb' is closed by 13516@DESKTOP-CQEL88O

[2017-11-01 19:55:03 #170 store] 
Database 'C:\Users\fbarcia\Documents\NetBeansProjects\M06\EAC2-1718S1\objectdb-2.7.2\db\fitxer.odb' is opened by 13516@DESKTOP-CQEL88O

[2017-11-01 19:55:03 #171 store] 
Configuration path: C:\Users\fbarcia\Documents\NetBeansProjects\M06\EAC2-1718S1\objectdb-2.7.2\objectdb.conf

[2017-11-01 19:55:03 #172 store] 
Database 'C:\Users\fbarcia\Documents\NetBeansProjects\M06\EAC2-1718S1\objectdb-2.7.2\db\fitxer.odb' is closed by 13516@DESKTOP-CQEL88O

[2017-11-01 19:55:03 #173 store] 
Database 'C:\Users\fbarcia\Documents\NetBeansProjects\M06\EAC2-1718S1\objectdb-2.7.2\db\fitxer.odb' is opened by 13516@DESKTOP-CQEL88O

[2017-11-01 19:55:03 #174 store] 
Configuration path: C:\Users\fbarcia\Documents\NetBeansProjects\M06\EAC2-1718S1\objectdb-2.7.2\objectdb.conf

[2017-11-01 19:55:03 #175 store] 
Database 'C:\Users\fbarcia\Documents\NetBeansProjects\M06\EAC2-1718S1\objectdb-2.7.2\db\fitxer.odb' is closed by 13516@DESKTOP-CQEL88O

[2017-11-01 19:55:04 #176 store] 
Database 'C:\Users\fbarcia\Documents\NetBeansProjects\M06\EAC2-1718S1\objectdb-2.7.2\db\fitxer.odb' is opened by 13516@DESKTOP-CQEL88O

[2017-11-01 19:55:04 #177 store] 
Configuration path: C:\Users\fbarcia\Documents\NetBeansProjects\M06\EAC2-1718S1\objectdb-2.7.2\objectdb.conf

[2017-11-01 19:55:04 #178 store] 
Database 'C:\Users\fbarcia\Documents\NetBeansProjects\M06\EAC2-1718S1\objectdb-2.7.2\db\fitxer.odb' is closed by 13516@DESKTOP-CQEL88O

[2017-11-01 19:55:04 #179 store] 
Database 'C:\Users\fbarcia\Documents\NetBeansProjects\M06\EAC2-1718S1\objectdb-2.7.2\db\fitxer.odb' is opened by 13516@DESKTOP-CQEL88O

[2017-11-01 19:55:04 #180 store] 
Configuration path: C:\Users\fbarcia\Documents\NetBeansProjects\M06\EAC2-1718S1\objectdb-2.7.2\objectdb.conf

[2017-11-01 19:55:04 #181 store] 
Database 'C:\Users\fbarcia\Documents\NetBeansProjects\M06\EAC2-1718S1\objectdb-2.7.2\db\fitxer.odb' is closed by 13516@DESKTOP-CQEL88O

[2017-11-01 19:55:04 #182 store] 
Database 'C:\Users\fbarcia\Documents\NetBeansProjects\M06\EAC2-1718S1\objectdb-2.7.2\db\fitxer.odb' is opened by 13516@DESKTOP-CQEL88O

[2017-11-01 19:55:04 #183 store] 
Configuration path: C:\Users\fbarcia\Documents\NetBeansProjects\M06\EAC2-1718S1\objectdb-2.7.2\objectdb.conf

[2017-11-01 19:55:04 #184 store] 
Database 'C:\Users\fbarcia\Documents\NetBeansProjects\M06\EAC2-1718S1\objectdb-2.7.2\db\fitxer.odb' is closed by 13516@DESKTOP-CQEL88O

[2017-11-01 19:55:04 #185 store] 
Database 'C:\Users\fbarcia\Documents\NetBeansProjects\M06\EAC2-1718S1\objectdb-2.7.2\db\fitxer.odb' is opened by 13516@DESKTOP-CQEL88O

[2017-11-01 19:55:04 #186 store] 
Configuration path: C:\Users\fbarcia\Documents\NetBeansProjects\M06\EAC2-1718S1\objectdb-2.7.2\objectdb.conf

[2017-11-01 19:55:04 #187 store] 
Database 'C:\Users\fbarcia\Documents\NetBeansProjects\M06\EAC2-1718S1\objectdb-2.7.2\db\fitxer.odb' is closed by 13516@DESKTOP-CQEL88O

[2017-11-01 19:55:04 #188 store] 
Database 'C:\Users\fbarcia\Documents\NetBeansProjects\M06\EAC2-1718S1\objectdb-2.7.2\db\fitxer.odb' is opened by 13516@DESKTOP-CQEL88O

[2017-11-01 19:55:04 #189 store] 
Configuration path: C:\Users\fbarcia\Documents\NetBeansProjects\M06\EAC2-1718S1\objectdb-2.7.2\objectdb.conf

[2017-11-01 19:55:04 #190 store] 
Database 'C:\Users\fbarcia\Documents\NetBeansProjects\M06\EAC2-1718S1\objectdb-2.7.2\db\fitxer.odb' is closed by 13516@DESKTOP-CQEL88O

[2017-11-01 19:55:04 #191 store] 
Database 'C:\Users\fbarcia\Documents\NetBeansProjects\M06\EAC2-1718S1\objectdb-2.7.2\db\fitxer.odb' is opened by 13516@DESKTOP-CQEL88O

[2017-11-01 19:55:04 #192 store] 
Configuration path: C:\Users\fbarcia\Documents\NetBeansProjects\M06\EAC2-1718S1\objectdb-2.7.2\objectdb.conf

[2017-11-01 19:55:04 #193 store] 
Database 'C:\Users\fbarcia\Documents\NetBeansProjects\M06\EAC2-1718S1\objectdb-2.7.2\db\fitxer.odb' is closed by 13516@DESKTOP-CQEL88O

[2017-11-01 21:22:13 #194 store] 
Database 'C:\Users\fbarcia\Documents\NetBeansProjects\M06\EAC2-1718S1\objectdb-2.7.2\db\fitxer.odb' is opened by 13516@DESKTOP-CQEL88O

[2017-11-01 21:22:13 #195 store] 
Configuration path: C:\Users\fbarcia\Documents\NetBeansProjects\M06\EAC2-1718S1\objectdb-2.7.2\objectdb.conf

[2017-11-01 21:22:13 #196 type.user] 
Enhancement of type model.Empleat is old and cannot be used (-6944161324757776815:-5923437374403399308)

[2017-11-01 21:22:13 #197 type] 
Type model.Empleat is not enhanced.

[2017-11-01 21:22:14 #198 store] 
Database 'C:\Users\fbarcia\Documents\NetBeansProjects\M06\EAC2-1718S1\objectdb-2.7.2\db\fitxer.odb' is closed by 13516@DESKTOP-CQEL88O

[2017-11-01 21:28:28 #199 store] 
Database 'C:\Users\fbarcia\Documents\NetBeansProjects\M06\EAC2-1718S1\objectdb-2.7.2\db\fitxer.odb' is opened by 13516@DESKTOP-CQEL88O

[2017-11-01 21:28:28 #200 store] 
Configuration path: C:\Users\fbarcia\Documents\NetBeansProjects\M06\EAC2-1718S1\objectdb-2.7.2\objectdb.conf

[2017-11-01 21:28:28 #201 store] 
Database 'C:\Users\fbarcia\Documents\NetBeansProjects\M06\EAC2-1718S1\objectdb-2.7.2\db\fitxer.odb' is closed by 13516@DESKTOP-CQEL88O

[2017-11-01 21:28:28 #202 store] 
Database 'C:\Users\fbarcia\Documents\NetBeansProjects\M06\EAC2-1718S1\objectdb-2.7.2\db\fitxer.odb' is opened by 13516@DESKTOP-CQEL88O

[2017-11-01 21:28:28 #203 store] 
Configuration path: C:\Users\fbarcia\Documents\NetBeansProjects\M06\EAC2-1718S1\objectdb-2.7.2\objectdb.conf

[2017-11-01 21:28:28 #204 store] 
Database 'C:\Users\fbarcia\Documents\NetBeansProjects\M06\EAC2-1718S1\objectdb-2.7.2\db\fitxer.odb' is closed by 13516@DESKTOP-CQEL88O

[2017-11-01 21:28:28 #205 store] 
Database 'C:\Users\fbarcia\Documents\NetBeansProjects\M06\EAC2-1718S1\objectdb-2.7.2\db\fitxer.odb' is opened by 13516@DESKTOP-CQEL88O

[2017-11-01 21:28:28 #206 store] 
Configuration path: C:\Users\fbarcia\Documents\NetBeansProjects\M06\EAC2-1718S1\objectdb-2.7.2\objectdb.conf

[2017-11-01 21:28:28 #207 store] 
Database 'C:\Users\fbarcia\Documents\NetBeansProjects\M06\EAC2-1718S1\objectdb-2.7.2\db\fitxer.odb' is closed by 13516@DESKTOP-CQEL88O

[2017-11-01 21:28:28 #208 store] 
Database 'C:\Users\fbarcia\Documents\NetBeansProjects\M06\EAC2-1718S1\objectdb-2.7.2\db\fitxer.odb' is opened by 13516@DESKTOP-CQEL88O

[2017-11-01 21:28:28 #209 store] 
Configuration path: C:\Users\fbarcia\Documents\NetBeansProjects\M06\EAC2-1718S1\objectdb-2.7.2\objectdb.conf

[2017-11-01 21:28:28 #210 store] 
Database 'C:\Users\fbarcia\Documents\NetBeansProjects\M06\EAC2-1718S1\objectdb-2.7.2\db\fitxer.odb' is closed by 13516@DESKTOP-CQEL88O

[2017-11-01 21:28:29 #211 store] 
Database 'C:\Users\fbarcia\Documents\NetBeansProjects\M06\EAC2-1718S1\objectdb-2.7.2\db\fitxer.odb' is opened by 13516@DESKTOP-CQEL88O

[2017-11-01 21:28:29 #212 store] 
Configuration path: C:\Users\fbarcia\Documents\NetBeansProjects\M06\EAC2-1718S1\objectdb-2.7.2\objectdb.conf

[2017-11-01 21:28:29 #213 store] 
Database 'C:\Users\fbarcia\Documents\NetBeansProjects\M06\EAC2-1718S1\objectdb-2.7.2\db\fitxer.odb' is closed by 13516@DESKTOP-CQEL88O

[2017-11-01 21:28:29 #214 store] 
Database 'C:\Users\fbarcia\Documents\NetBeansProjects\M06\EAC2-1718S1\objectdb-2.7.2\db\fitxer.odb' is opened by 13516@DESKTOP-CQEL88O

[2017-11-01 21:28:29 #215 store] 
Configuration path: C:\Users\fbarcia\Documents\NetBeansProjects\M06\EAC2-1718S1\objectdb-2.7.2\objectdb.conf

[2017-11-01 21:28:29 #216 store] 
Database 'C:\Users\fbarcia\Documents\NetBeansProjects\M06\EAC2-1718S1\objectdb-2.7.2\db\fitxer.odb' is closed by 13516@DESKTOP-CQEL88O

[2017-11-01 21:28:29 #217 store] 
Database 'C:\Users\fbarcia\Documents\NetBeansProjects\M06\EAC2-1718S1\objectdb-2.7.2\db\fitxer.odb' is opened by 13516@DESKTOP-CQEL88O

[2017-11-01 21:28:29 #218 store] 
Configuration path: C:\Users\fbarcia\Documents\NetBeansProjects\M06\EAC2-1718S1\objectdb-2.7.2\objectdb.conf

[2017-11-01 21:28:29 #219 store] 
Database 'C:\Users\fbarcia\Documents\NetBeansProjects\M06\EAC2-1718S1\objectdb-2.7.2\db\fitxer.odb' is closed by 13516@DESKTOP-CQEL88O

[2017-11-01 21:28:29 #220 store] 
Database 'C:\Users\fbarcia\Documents\NetBeansProjects\M06\EAC2-1718S1\objectdb-2.7.2\db\fitxer.odb' is opened by 13516@DESKTOP-CQEL88O

[2017-11-01 21:28:29 #221 store] 
Configuration path: C:\Users\fbarcia\Documents\NetBeansProjects\M06\EAC2-1718S1\objectdb-2.7.2\objectdb.conf

[2017-11-01 21:28:29 #222 store] 
Database 'C:\Users\fbarcia\Documents\NetBeansProjects\M06\EAC2-1718S1\objectdb-2.7.2\db\fitxer.odb' is closed by 13516@DESKTOP-CQEL88O

[2017-11-01 21:28:29 #223 store] 
Database 'C:\Users\fbarcia\Documents\NetBeansProjects\M06\EAC2-1718S1\objectdb-2.7.2\db\fitxer.odb' is opened by 13516@DESKTOP-CQEL88O

[2017-11-01 21:28:29 #224 store] 
Configuration path: C:\Users\fbarcia\Documents\NetBeansProjects\M06\EAC2-1718S1\objectdb-2.7.2\objectdb.conf

[2017-11-01 21:28:29 #225 store] 
Database 'C:\Users\fbarcia\Documents\NetBeansProjects\M06\EAC2-1718S1\objectdb-2.7.2\db\fitxer.odb' is closed by 13516@DESKTOP-CQEL88O

[2017-11-01 21:28:29 #226 store] 
Database 'C:\Users\fbarcia\Documents\NetBeansProjects\M06\EAC2-1718S1\objectdb-2.7.2\db\fitxer.odb' is opened by 13516@DESKTOP-CQEL88O

[2017-11-01 21:28:29 #227 store] 
Configuration path: C:\Users\fbarcia\Documents\NetBeansProjects\M06\EAC2-1718S1\objectdb-2.7.2\objectdb.conf

[2017-11-01 21:28:29 #228 store] 
Database 'C:\Users\fbarcia\Documents\NetBeansProjects\M06\EAC2-1718S1\objectdb-2.7.2\db\fitxer.odb' is closed by 13516@DESKTOP-CQEL88O

[2017-11-01 21:28:29 #229 store] 
Database 'C:\Users\fbarcia\Documents\NetBeansProjects\M06\EAC2-1718S1\objectdb-2.7.2\db\fitxer.odb' is opened by 13516@DESKTOP-CQEL88O

[2017-11-01 21:28:29 #230 store] 
Configuration path: C:\Users\fbarcia\Documents\NetBeansProjects\M06\EAC2-1718S1\objectdb-2.7.2\objectdb.conf

[2017-11-01 21:28:29 #231 store] 
Database 'C:\Users\fbarcia\Documents\NetBeansProjects\M06\EAC2-1718S1\objectdb-2.7.2\db\fitxer.odb' is closed by 13516@DESKTOP-CQEL88O

[2017-11-01 21:28:29 #232 store] 
Database 'C:\Users\fbarcia\Documents\NetBeansProjects\M06\EAC2-1718S1\objectdb-2.7.2\db\fitxer.odb' is opened by 13516@DESKTOP-CQEL88O

[2017-11-01 21:28:29 #233 store] 
Configuration path: C:\Users\fbarcia\Documents\NetBeansProjects\M06\EAC2-1718S1\objectdb-2.7.2\objectdb.conf

[2017-11-01 21:28:29 #234 store] 
Database 'C:\Users\fbarcia\Documents\NetBeansProjects\M06\EAC2-1718S1\objectdb-2.7.2\db\fitxer.odb' is closed by 13516@DESKTOP-CQEL88O

[2017-11-01 21:28:29 #235 store] 
Database 'C:\Users\fbarcia\Documents\NetBeansProjects\M06\EAC2-1718S1\objectdb-2.7.2\db\fitxer.odb' is opened by 13516@DESKTOP-CQEL88O

[2017-11-01 21:28:29 #236 store] 
Configuration path: C:\Users\fbarcia\Documents\NetBeansProjects\M06\EAC2-1718S1\objectdb-2.7.2\objectdb.conf

[2017-11-01 21:28:29 #237 store] 
Database 'C:\Users\fbarcia\Documents\NetBeansProjects\M06\EAC2-1718S1\objectdb-2.7.2\db\fitxer.odb' is closed by 13516@DESKTOP-CQEL88O

[2017-11-01 21:28:29 #238 store] 
Database 'C:\Users\fbarcia\Documents\NetBeansProjects\M06\EAC2-1718S1\objectdb-2.7.2\db\fitxer.odb' is opened by 13516@DESKTOP-CQEL88O

[2017-11-01 21:28:29 #239 store] 
Configuration path: C:\Users\fbarcia\Documents\NetBeansProjects\M06\EAC2-1718S1\objectdb-2.7.2\objectdb.conf

[2017-11-01 21:28:29 #240 store] 
Database 'C:\Users\fbarcia\Documents\NetBeansProjects\M06\EAC2-1718S1\objectdb-2.7.2\db\fitxer.odb' is closed by 13516@DESKTOP-CQEL88O

[2017-11-01 21:28:29 #241 store] 
Database 'C:\Users\fbarcia\Documents\NetBeansProjects\M06\EAC2-1718S1\objectdb-2.7.2\db\fitxer.odb' is opened by 13516@DESKTOP-CQEL88O

[2017-11-01 21:28:29 #242 store] 
Configuration path: C:\Users\fbarcia\Documents\NetBeansProjects\M06\EAC2-1718S1\objectdb-2.7.2\objectdb.conf

[2017-11-01 21:28:29 #243 store] 
Database 'C:\Users\fbarcia\Documents\NetBeansProjects\M06\EAC2-1718S1\objectdb-2.7.2\db\fitxer.odb' is closed by 13516@DESKTOP-CQEL88O

[2017-11-01 21:28:29 #244 store] 
Database 'C:\Users\fbarcia\Documents\NetBeansProjects\M06\EAC2-1718S1\objectdb-2.7.2\db\fitxer.odb' is opened by 13516@DESKTOP-CQEL88O

[2017-11-01 21:28:29 #245 store] 
Configuration path: C:\Users\fbarcia\Documents\NetBeansProjects\M06\EAC2-1718S1\objectdb-2.7.2\objectdb.conf

[2017-11-01 21:28:29 #246 store] 
Database 'C:\Users\fbarcia\Documents\NetBeansProjects\M06\EAC2-1718S1\objectdb-2.7.2\db\fitxer.odb' is closed by 13516@DESKTOP-CQEL88O

[2017-11-01 21:28:29 #247 store] 
Database 'C:\Users\fbarcia\Documents\NetBeansProjects\M06\EAC2-1718S1\objectdb-2.7.2\db\fitxer.odb' is opened by 13516@DESKTOP-CQEL88O

[2017-11-01 21:28:29 #248 store] 
Configuration path: C:\Users\fbarcia\Documents\NetBeansProjects\M06\EAC2-1718S1\objectdb-2.7.2\objectdb.conf

[2017-11-01 21:28:29 #249 store] 
Database 'C:\Users\fbarcia\Documents\NetBeansProjects\M06\EAC2-1718S1\objectdb-2.7.2\db\fitxer.odb' is closed by 13516@DESKTOP-CQEL88O

[2017-11-01 21:28:29 #250 store] 
Database 'C:\Users\fbarcia\Documents\NetBeansProjects\M06\EAC2-1718S1\objectdb-2.7.2\db\fitxer.odb' is opened by 13516@DESKTOP-CQEL88O

[2017-11-01 21:28:29 #251 store] 
Configuration path: C:\Users\fbarcia\Documents\NetBeansProjects\M06\EAC2-1718S1\objectdb-2.7.2\objectdb.conf

[2017-11-01 21:28:29 #252 store] 
Database 'C:\Users\fbarcia\Documents\NetBeansProjects\M06\EAC2-1718S1\objectdb-2.7.2\db\fitxer.odb' is closed by 13516@DESKTOP-CQEL88O

[2017-11-01 21:28:29 #253 store] 
Database 'C:\Users\fbarcia\Documents\NetBeansProjects\M06\EAC2-1718S1\objectdb-2.7.2\db\fitxer.odb' is opened by 13516@DESKTOP-CQEL88O

[2017-11-01 21:28:29 #254 store] 
Configuration path: C:\Users\fbarcia\Documents\NetBeansProjects\M06\EAC2-1718S1\objectdb-2.7.2\objectdb.conf

[2017-11-01 21:28:29 #255 store] 
Database 'C:\Users\fbarcia\Documents\NetBeansProjects\M06\EAC2-1718S1\objectdb-2.7.2\db\fitxer.odb' is closed by 13516@DESKTOP-CQEL88O

[2017-11-01 22:01:16 #256 store] 
Database 'C:\Users\fbarcia\Documents\NetBeansProjects\M06\EAC2-1718S1\objectdb-2.7.2\db\fitxer.odb' is opened by 13516@DESKTOP-CQEL88O

[2017-11-01 22:01:16 #257 store] 
Configuration path: C:\Users\fbarcia\Documents\NetBeansProjects\M06\EAC2-1718S1\objectdb-2.7.2\objectdb.conf

[2017-11-01 22:01:16 #258 type.user] 
Enhancement of type model.Empleat is old and cannot be used (-8645860552563995343:-6944161324757776815)

[2017-11-01 22:01:16 #259 type.user] 
Enhancement of type model.Establiment is old and cannot be used (-7901634791214889906:-6098983125515014752)

[2017-11-01 22:01:16 #260 type] 
Type model.Establiment is not enhanced.

[2017-11-01 22:01:16 #261 type.user] 
Enhancement of type model.Empleat is old and cannot be used (-8645860552563995343:-6944161324757776815)

[2017-11-01 22:01:16 #262 type.user] 
Enhancement of type model.Establiment is old and cannot be used (-7901634791214889906:-6098983125515014752)

[2017-11-01 22:01:16 #263 type] 
Type model.Taller is not enhanced.

[2017-11-01 22:01:16 #264 type] 
Type model.PuntVenda is not enhanced.

[2017-11-01 22:01:16 #265 store] 
Database 'C:\Users\fbarcia\Documents\NetBeansProjects\M06\EAC2-1718S1\objectdb-2.7.2\db\fitxer.odb' is closed by 13516@DESKTOP-CQEL88O

[2017-11-01 22:01:16 #266 store] 
Database 'C:\Users\fbarcia\Documents\NetBeansProjects\M06\EAC2-1718S1\objectdb-2.7.2\db\fitxer.odb' is opened by 13516@DESKTOP-CQEL88O

[2017-11-01 22:01:16 #267 store] 
Configuration path: C:\Users\fbarcia\Documents\NetBeansProjects\M06\EAC2-1718S1\objectdb-2.7.2\objectdb.conf

[2017-11-01 22:01:16 #268 store] 
Database 'C:\Users\fbarcia\Documents\NetBeansProjects\M06\EAC2-1718S1\objectdb-2.7.2\db\fitxer.odb' is closed by 13516@DESKTOP-CQEL88O

[2017-11-01 22:01:16 #269 store] 
Database 'C:\Users\fbarcia\Documents\NetBeansProjects\M06\EAC2-1718S1\objectdb-2.7.2\db\fitxer.odb' is opened by 13516@DESKTOP-CQEL88O

[2017-11-01 22:01:16 #270 store] 
Configuration path: C:\Users\fbarcia\Documents\NetBeansProjects\M06\EAC2-1718S1\objectdb-2.7.2\objectdb.conf

[2017-11-01 22:01:16 #271 store] 
Database 'C:\Users\fbarcia\Documents\NetBeansProjects\M06\EAC2-1718S1\objectdb-2.7.2\db\fitxer.odb' is closed by 13516@DESKTOP-CQEL88O

[2017-11-01 22:01:17 #272 store] 
Database 'C:\Users\fbarcia\Documents\NetBeansProjects\M06\EAC2-1718S1\objectdb-2.7.2\db\fitxer.odb' is opened by 13516@DESKTOP-CQEL88O

[2017-11-01 22:01:17 #273 store] 
Configuration path: C:\Users\fbarcia\Documents\NetBeansProjects\M06\EAC2-1718S1\objectdb-2.7.2\objectdb.conf

[2017-11-01 22:01:17 #274 store] 
Database 'C:\Users\fbarcia\Documents\NetBeansProjects\M06\EAC2-1718S1\objectdb-2.7.2\db\fitxer.odb' is closed by 13516@DESKTOP-CQEL88O

[2017-11-01 22:01:17 #275 store] 
Database 'C:\Users\fbarcia\Documents\NetBeansProjects\M06\EAC2-1718S1\objectdb-2.7.2\db\fitxer.odb' is opened by 13516@DESKTOP-CQEL88O

[2017-11-01 22:01:17 #276 store] 
Configuration path: C:\Users\fbarcia\Documents\NetBeansProjects\M06\EAC2-1718S1\objectdb-2.7.2\objectdb.conf

[2017-11-01 22:01:17 #277 store] 
Database 'C:\Users\fbarcia\Documents\NetBeansProjects\M06\EAC2-1718S1\objectdb-2.7.2\db\fitxer.odb' is closed by 13516@DESKTOP-CQEL88O

[2017-11-01 22:01:17 #278 store] 
Database 'C:\Users\fbarcia\Documents\NetBeansProjects\M06\EAC2-1718S1\objectdb-2.7.2\db\fitxer.odb' is opened by 13516@DESKTOP-CQEL88O

[2017-11-01 22:01:17 #279 store] 
Configuration path: C:\Users\fbarcia\Documents\NetBeansProjects\M06\EAC2-1718S1\objectdb-2.7.2\objectdb.conf

[2017-11-01 22:01:17 #280 store] 
Database 'C:\Users\fbarcia\Documents\NetBeansProjects\M06\EAC2-1718S1\objectdb-2.7.2\db\fitxer.odb' is closed by 13516@DESKTOP-CQEL88O

[2017-11-01 22:01:17 #281 store] 
Database 'C:\Users\fbarcia\Documents\NetBeansProjects\M06\EAC2-1718S1\objectdb-2.7.2\db\fitxer.odb' is opened by 13516@DESKTOP-CQEL88O

[2017-11-01 22:01:17 #282 store] 
Configuration path: C:\Users\fbarcia\Documents\NetBeansProjects\M06\EAC2-1718S1\objectdb-2.7.2\objectdb.conf

[2017-11-01 22:01:17 #283 store] 
Database 'C:\Users\fbarcia\Documents\NetBeansProjects\M06\EAC2-1718S1\objectdb-2.7.2\db\fitxer.odb' is closed by 13516@DESKTOP-CQEL88O

[2017-11-01 22:01:17 #284 store] 
Database 'C:\Users\fbarcia\Documents\NetBeansProjects\M06\EAC2-1718S1\objectdb-2.7.2\db\fitxer.odb' is opened by 13516@DESKTOP-CQEL88O

[2017-11-01 22:01:17 #285 store] 
Configuration path: C:\Users\fbarcia\Documents\NetBeansProjects\M06\EAC2-1718S1\objectdb-2.7.2\objectdb.conf

[2017-11-01 22:01:17 #286 store] 
Database 'C:\Users\fbarcia\Documents\NetBeansProjects\M06\EAC2-1718S1\objectdb-2.7.2\db\fitxer.odb' is closed by 13516@DESKTOP-CQEL88O

[2017-11-01 22:01:17 #287 store] 
Database 'C:\Users\fbarcia\Documents\NetBeansProjects\M06\EAC2-1718S1\objectdb-2.7.2\db\fitxer.odb' is opened by 13516@DESKTOP-CQEL88O

[2017-11-01 22:01:17 #288 store] 
Configuration path: C:\Users\fbarcia\Documents\NetBeansProjects\M06\EAC2-1718S1\objectdb-2.7.2\objectdb.conf

[2017-11-01 22:01:17 #289 store] 
Database 'C:\Users\fbarcia\Documents\NetBeansProjects\M06\EAC2-1718S1\objectdb-2.7.2\db\fitxer.odb' is closed by 13516@DESKTOP-CQEL88O

[2017-11-01 22:01:17 #290 store] 
Database 'C:\Users\fbarcia\Documents\NetBeansProjects\M06\EAC2-1718S1\objectdb-2.7.2\db\fitxer.odb' is opened by 13516@DESKTOP-CQEL88O

[2017-11-01 22:01:17 #291 store] 
Configuration path: C:\Users\fbarcia\Documents\NetBeansProjects\M06\EAC2-1718S1\objectdb-2.7.2\objectdb.conf

[2017-11-01 22:01:17 #292 store] 
Database 'C:\Users\fbarcia\Documents\NetBeansProjects\M06\EAC2-1718S1\objectdb-2.7.2\db\fitxer.odb' is closed by 13516@DESKTOP-CQEL88O

[2017-11-01 22:01:17 #293 store] 
Database 'C:\Users\fbarcia\Documents\NetBeansProjects\M06\EAC2-1718S1\objectdb-2.7.2\db\fitxer.odb' is opened by 13516@DESKTOP-CQEL88O

[2017-11-01 22:01:17 #294 store] 
Configuration path: C:\Users\fbarcia\Documents\NetBeansProjects\M06\EAC2-1718S1\objectdb-2.7.2\objectdb.conf

[2017-11-01 22:01:17 #295 store] 
Database 'C:\Users\fbarcia\Documents\NetBeansProjects\M06\EAC2-1718S1\objectdb-2.7.2\db\fitxer.odb' is closed by 13516@DESKTOP-CQEL88O

[2017-11-01 22:01:17 #296 store] 
Database 'C:\Users\fbarcia\Documents\NetBeansProjects\M06\EAC2-1718S1\objectdb-2.7.2\db\fitxer.odb' is opened by 13516@DESKTOP-CQEL88O

[2017-11-01 22:01:17 #297 store] 
Configuration path: C:\Users\fbarcia\Documents\NetBeansProjects\M06\EAC2-1718S1\objectdb-2.7.2\objectdb.conf

[2017-11-01 22:01:17 #298 store] 
Database 'C:\Users\fbarcia\Documents\NetBeansProjects\M06\EAC2-1718S1\objectdb-2.7.2\db\fitxer.odb' is closed by 13516@DESKTOP-CQEL88O

[2017-11-01 22:01:17 #299 store] 
Database 'C:\Users\fbarcia\Documents\NetBeansProjects\M06\EAC2-1718S1\objectdb-2.7.2\db\fitxer.odb' is opened by 13516@DESKTOP-CQEL88O

[2017-11-01 22:01:17 #300 store] 
Configuration path: C:\Users\fbarcia\Documents\NetBeansProjects\M06\EAC2-1718S1\objectdb-2.7.2\objectdb.conf

[2017-11-01 22:01:17 #301 store] 
Database 'C:\Users\fbarcia\Documents\NetBeansProjects\M06\EAC2-1718S1\objectdb-2.7.2\db\fitxer.odb' is closed by 13516@DESKTOP-CQEL88O

[2017-11-01 22:01:17 #302 store] 
Database 'C:\Users\fbarcia\Documents\NetBeansProjects\M06\EAC2-1718S1\objectdb-2.7.2\db\fitxer.odb' is opened by 13516@DESKTOP-CQEL88O

[2017-11-01 22:01:17 #303 store] 
Configuration path: C:\Users\fbarcia\Documents\NetBeansProjects\M06\EAC2-1718S1\objectdb-2.7.2\objectdb.conf

[2017-11-01 22:01:17 #304 store] 
Database 'C:\Users\fbarcia\Documents\NetBeansProjects\M06\EAC2-1718S1\objectdb-2.7.2\db\fitxer.odb' is closed by 13516@DESKTOP-CQEL88O

[2017-11-01 22:01:17 #305 store] 
Database 'C:\Users\fbarcia\Documents\NetBeansProjects\M06\EAC2-1718S1\objectdb-2.7.2\db\fitxer.odb' is opened by 13516@DESKTOP-CQEL88O

[2017-11-01 22:01:17 #306 store] 
Configuration path: C:\Users\fbarcia\Documents\NetBeansProjects\M06\EAC2-1718S1\objectdb-2.7.2\objectdb.conf

[2017-11-01 22:01:17 #307 store] 
Database 'C:\Users\fbarcia\Documents\NetBeansProjects\M06\EAC2-1718S1\objectdb-2.7.2\db\fitxer.odb' is closed by 13516@DESKTOP-CQEL88O

[2017-11-01 22:01:17 #308 store] 
Database 'C:\Users\fbarcia\Documents\NetBeansProjects\M06\EAC2-1718S1\objectdb-2.7.2\db\fitxer.odb' is opened by 13516@DESKTOP-CQEL88O

[2017-11-01 22:01:17 #309 store] 
Configuration path: C:\Users\fbarcia\Documents\NetBeansProjects\M06\EAC2-1718S1\objectdb-2.7.2\objectdb.conf

[2017-11-01 22:01:17 #310 store] 
Database 'C:\Users\fbarcia\Documents\NetBeansProjects\M06\EAC2-1718S1\objectdb-2.7.2\db\fitxer.odb' is closed by 13516@DESKTOP-CQEL88O

[2017-11-01 22:01:17 #311 store] 
Database 'C:\Users\fbarcia\Documents\NetBeansProjects\M06\EAC2-1718S1\objectdb-2.7.2\db\fitxer.odb' is opened by 13516@DESKTOP-CQEL88O

[2017-11-01 22:01:17 #312 store] 
Configuration path: C:\Users\fbarcia\Documents\NetBeansProjects\M06\EAC2-1718S1\objectdb-2.7.2\objectdb.conf

[2017-11-01 22:01:17 #313 store] 
Database 'C:\Users\fbarcia\Documents\NetBeansProjects\M06\EAC2-1718S1\objectdb-2.7.2\db\fitxer.odb' is closed by 13516@DESKTOP-CQEL88O

[2017-11-01 22:01:17 #314 store] 
Database 'C:\Users\fbarcia\Documents\NetBeansProjects\M06\EAC2-1718S1\objectdb-2.7.2\db\fitxer.odb' is opened by 13516@DESKTOP-CQEL88O

[2017-11-01 22:01:17 #315 store] 
Configuration path: C:\Users\fbarcia\Documents\NetBeansProjects\M06\EAC2-1718S1\objectdb-2.7.2\objectdb.conf

[2017-11-01 22:01:17 #316 store] 
Database 'C:\Users\fbarcia\Documents\NetBeansProjects\M06\EAC2-1718S1\objectdb-2.7.2\db\fitxer.odb' is closed by 13516@DESKTOP-CQEL88O

[2017-11-01 22:01:17 #317 store] 
Database 'C:\Users\fbarcia\Documents\NetBeansProjects\M06\EAC2-1718S1\objectdb-2.7.2\db\fitxer.odb' is opened by 13516@DESKTOP-CQEL88O

[2017-11-01 22:01:17 #318 store] 
Configuration path: C:\Users\fbarcia\Documents\NetBeansProjects\M06\EAC2-1718S1\objectdb-2.7.2\objectdb.conf

[2017-11-01 22:01:17 #319 store] 
Database 'C:\Users\fbarcia\Documents\NetBeansProjects\M06\EAC2-1718S1\objectdb-2.7.2\db\fitxer.odb' is closed by 13516@DESKTOP-CQEL88O

[2017-11-01 22:25:20 #320 store] 
Database 'C:\Users\fbarcia\Documents\NetBeansProjects\M06\EAC2-1718S1\objectdb-2.7.2\db\fitxer.odb' is opened by 13516@DESKTOP-CQEL88O

[2017-11-01 22:25:20 #321 store] 
Configuration path: C:\Users\fbarcia\Documents\NetBeansProjects\M06\EAC2-1718S1\objectdb-2.7.2\objectdb.conf

[2017-11-01 22:25:20 #322 type.user] 
Enhancement of type model.Establiment is old and cannot be used (-6718171734674987859:-7901634791214889906)

[2017-11-01 22:25:20 #323 store] 
Database 'C:\Users\fbarcia\Documents\NetBeansProjects\M06\EAC2-1718S1\objectdb-2.7.2\db\fitxer.odb' is closed by 13516@DESKTOP-CQEL88O

[2017-11-01 22:25:20 #324 store] 
Database 'C:\Users\fbarcia\Documents\NetBeansProjects\M06\EAC2-1718S1\objectdb-2.7.2\db\fitxer.odb' is opened by 13516@DESKTOP-CQEL88O

[2017-11-01 22:25:20 #325 store] 
Configuration path: C:\Users\fbarcia\Documents\NetBeansProjects\M06\EAC2-1718S1\objectdb-2.7.2\objectdb.conf

[2017-11-01 22:25:20 #326 store] 
Database 'C:\Users\fbarcia\Documents\NetBeansProjects\M06\EAC2-1718S1\objectdb-2.7.2\db\fitxer.odb' is closed by 13516@DESKTOP-CQEL88O

[2017-11-01 22:25:20 #327 store] 
Database 'C:\Users\fbarcia\Documents\NetBeansProjects\M06\EAC2-1718S1\objectdb-2.7.2\db\fitxer.odb' is opened by 13516@DESKTOP-CQEL88O

[2017-11-01 22:25:20 #328 store] 
Configuration path: C:\Users\fbarcia\Documents\NetBeansProjects\M06\EAC2-1718S1\objectdb-2.7.2\objectdb.conf

[2017-11-01 22:25:20 #329 store] 
Database 'C:\Users\fbarcia\Documents\NetBeansProjects\M06\EAC2-1718S1\objectdb-2.7.2\db\fitxer.odb' is closed by 13516@DESKTOP-CQEL88O

[2017-11-01 22:25:20 #330 store] 
Database 'C:\Users\fbarcia\Documents\NetBeansProjects\M06\EAC2-1718S1\objectdb-2.7.2\db\fitxer.odb' is opened by 13516@DESKTOP-CQEL88O

[2017-11-01 22:25:20 #331 store] 
Configuration path: C:\Users\fbarcia\Documents\NetBeansProjects\M06\EAC2-1718S1\objectdb-2.7.2\objectdb.conf

[2017-11-01 22:25:20 #332 store] 
Database 'C:\Users\fbarcia\Documents\NetBeansProjects\M06\EAC2-1718S1\objectdb-2.7.2\db\fitxer.odb' is closed by 13516@DESKTOP-CQEL88O

[2017-11-01 22:25:20 #333 store] 
Database 'C:\Users\fbarcia\Documents\NetBeansProjects\M06\EAC2-1718S1\objectdb-2.7.2\db\fitxer.odb' is opened by 13516@DESKTOP-CQEL88O

[2017-11-01 22:25:20 #334 store] 
Configuration path: C:\Users\fbarcia\Documents\NetBeansProjects\M06\EAC2-1718S1\objectdb-2.7.2\objectdb.conf

[2017-11-01 22:25:20 #335 store] 
Database 'C:\Users\fbarcia\Documents\NetBeansProjects\M06\EAC2-1718S1\objectdb-2.7.2\db\fitxer.odb' is closed by 13516@DESKTOP-CQEL88O

[2017-11-01 22:25:20 #336 store] 
Database 'C:\Users\fbarcia\Documents\NetBeansProjects\M06\EAC2-1718S1\objectdb-2.7.2\db\fitxer.odb' is opened by 13516@DESKTOP-CQEL88O

[2017-11-01 22:25:20 #337 store] 
Configuration path: C:\Users\fbarcia\Documents\NetBeansProjects\M06\EAC2-1718S1\objectdb-2.7.2\objectdb.conf

[2017-11-01 22:25:20 #338 store] 
Database 'C:\Users\fbarcia\Documents\NetBeansProjects\M06\EAC2-1718S1\objectdb-2.7.2\db\fitxer.odb' is closed by 13516@DESKTOP-CQEL88O

[2017-11-01 22:25:20 #339 store] 
Database 'C:\Users\fbarcia\Documents\NetBeansProjects\M06\EAC2-1718S1\objectdb-2.7.2\db\fitxer.odb' is opened by 13516@DESKTOP-CQEL88O

[2017-11-01 22:25:20 #340 store] 
Configuration path: C:\Users\fbarcia\Documents\NetBeansProjects\M06\EAC2-1718S1\objectdb-2.7.2\objectdb.conf

[2017-11-01 22:25:20 #341 store] 
Database 'C:\Users\fbarcia\Documents\NetBeansProjects\M06\EAC2-1718S1\objectdb-2.7.2\db\fitxer.odb' is closed by 13516@DESKTOP-CQEL88O

[2017-11-01 22:25:20 #342 store] 
Database 'C:\Users\fbarcia\Documents\NetBeansProjects\M06\EAC2-1718S1\objectdb-2.7.2\db\fitxer.odb' is opened by 13516@DESKTOP-CQEL88O

[2017-11-01 22:25:20 #343 store] 
Configuration path: C:\Users\fbarcia\Documents\NetBeansProjects\M06\EAC2-1718S1\objectdb-2.7.2\objectdb.conf

[2017-11-01 22:25:21 #344 store] 
Database 'C:\Users\fbarcia\Documents\NetBeansProjects\M06\EAC2-1718S1\objectdb-2.7.2\db\fitxer.odb' is closed by 13516@DESKTOP-CQEL88O

[2017-11-01 22:25:21 #345 store] 
Database 'C:\Users\fbarcia\Documents\NetBeansProjects\M06\EAC2-1718S1\objectdb-2.7.2\db\fitxer.odb' is opened by 13516@DESKTOP-CQEL88O

[2017-11-01 22:25:21 #346 store] 
Configuration path: C:\Users\fbarcia\Documents\NetBeansProjects\M06\EAC2-1718S1\objectdb-2.7.2\objectdb.conf

[2017-11-01 22:25:21 #347 store] 
Database 'C:\Users\fbarcia\Documents\NetBeansProjects\M06\EAC2-1718S1\objectdb-2.7.2\db\fitxer.odb' is closed by 13516@DESKTOP-CQEL88O

[2017-11-01 22:25:21 #348 store] 
Database 'C:\Users\fbarcia\Documents\NetBeansProjects\M06\EAC2-1718S1\objectdb-2.7.2\db\fitxer.odb' is opened by 13516@DESKTOP-CQEL88O

[2017-11-01 22:25:21 #349 store] 
Configuration path: C:\Users\fbarcia\Documents\NetBeansProjects\M06\EAC2-1718S1\objectdb-2.7.2\objectdb.conf

[2017-11-01 22:25:21 #350 store] 
Database 'C:\Users\fbarcia\Documents\NetBeansProjects\M06\EAC2-1718S1\objectdb-2.7.2\db\fitxer.odb' is closed by 13516@DESKTOP-CQEL88O

[2017-11-01 22:25:21 #351 store] 
Database 'C:\Users\fbarcia\Documents\NetBeansProjects\M06\EAC2-1718S1\objectdb-2.7.2\db\fitxer.odb' is opened by 13516@DESKTOP-CQEL88O

[2017-11-01 22:25:21 #352 store] 
Configuration path: C:\Users\fbarcia\Documents\NetBeansProjects\M06\EAC2-1718S1\objectdb-2.7.2\objectdb.conf

[2017-11-01 22:25:21 #353 store] 
Database 'C:\Users\fbarcia\Documents\NetBeansProjects\M06\EAC2-1718S1\objectdb-2.7.2\db\fitxer.odb' is closed by 13516@DESKTOP-CQEL88O

[2017-11-01 22:25:21 #354 store] 
Database 'C:\Users\fbarcia\Documents\NetBeansProjects\M06\EAC2-1718S1\objectdb-2.7.2\db\fitxer.odb' is opened by 13516@DESKTOP-CQEL88O

[2017-11-01 22:25:21 #355 store] 
Configuration path: C:\Users\fbarcia\Documents\NetBeansProjects\M06\EAC2-1718S1\objectdb-2.7.2\objectdb.conf

[2017-11-01 22:25:21 #356 store] 
Database 'C:\Users\fbarcia\Documents\NetBeansProjects\M06\EAC2-1718S1\objectdb-2.7.2\db\fitxer.odb' is closed by 13516@DESKTOP-CQEL88O

[2017-11-01 22:25:21 #357 store] 
Database 'C:\Users\fbarcia\Documents\NetBeansProjects\M06\EAC2-1718S1\objectdb-2.7.2\db\fitxer.odb' is opened by 13516@DESKTOP-CQEL88O

[2017-11-01 22:25:21 #358 store] 
Configuration path: C:\Users\fbarcia\Documents\NetBeansProjects\M06\EAC2-1718S1\objectdb-2.7.2\objectdb.conf

[2017-11-01 22:25:21 #359 store] 
Database 'C:\Users\fbarcia\Documents\NetBeansProjects\M06\EAC2-1718S1\objectdb-2.7.2\db\fitxer.odb' is closed by 13516@DESKTOP-CQEL88O

[2017-11-01 22:25:21 #360 store] 
Database 'C:\Users\fbarcia\Documents\NetBeansProjects\M06\EAC2-1718S1\objectdb-2.7.2\db\fitxer.odb' is opened by 13516@DESKTOP-CQEL88O

[2017-11-01 22:25:21 #361 store] 
Configuration path: C:\Users\fbarcia\Documents\NetBeansProjects\M06\EAC2-1718S1\objectdb-2.7.2\objectdb.conf

[2017-11-01 22:25:21 #362 store] 
Database 'C:\Users\fbarcia\Documents\NetBeansProjects\M06\EAC2-1718S1\objectdb-2.7.2\db\fitxer.odb' is closed by 13516@DESKTOP-CQEL88O

[2017-11-01 22:25:21 #363 store] 
Database 'C:\Users\fbarcia\Documents\NetBeansProjects\M06\EAC2-1718S1\objectdb-2.7.2\db\fitxer.odb' is opened by 13516@DESKTOP-CQEL88O

[2017-11-01 22:25:21 #364 store] 
Configuration path: C:\Users\fbarcia\Documents\NetBeansProjects\M06\EAC2-1718S1\objectdb-2.7.2\objectdb.conf

[2017-11-01 22:25:21 #365 store] 
Database 'C:\Users\fbarcia\Documents\NetBeansProjects\M06\EAC2-1718S1\objectdb-2.7.2\db\fitxer.odb' is closed by 13516@DESKTOP-CQEL88O

[2017-11-01 22:25:21 #366 store] 
Database 'C:\Users\fbarcia\Documents\NetBeansProjects\M06\EAC2-1718S1\objectdb-2.7.2\db\fitxer.odb' is opened by 13516@DESKTOP-CQEL88O

[2017-11-01 22:25:21 #367 store] 
Configuration path: C:\Users\fbarcia\Documents\NetBeansProjects\M06\EAC2-1718S1\objectdb-2.7.2\objectdb.conf

[2017-11-01 22:25:21 #368 store] 
Database 'C:\Users\fbarcia\Documents\NetBeansProjects\M06\EAC2-1718S1\objectdb-2.7.2\db\fitxer.odb' is closed by 13516@DESKTOP-CQEL88O

[2017-11-01 22:25:21 #369 store] 
Database 'C:\Users\fbarcia\Documents\NetBeansProjects\M06\EAC2-1718S1\objectdb-2.7.2\db\fitxer.odb' is opened by 13516@DESKTOP-CQEL88O

[2017-11-01 22:25:21 #370 store] 
Configuration path: C:\Users\fbarcia\Documents\NetBeansProjects\M06\EAC2-1718S1\objectdb-2.7.2\objectdb.conf

[2017-11-01 22:25:21 #371 store] 
Database 'C:\Users\fbarcia\Documents\NetBeansProjects\M06\EAC2-1718S1\objectdb-2.7.2\db\fitxer.odb' is closed by 13516@DESKTOP-CQEL88O

[2017-11-01 22:25:21 #372 store] 
Database 'C:\Users\fbarcia\Documents\NetBeansProjects\M06\EAC2-1718S1\objectdb-2.7.2\db\fitxer.odb' is opened by 13516@DESKTOP-CQEL88O

[2017-11-01 22:25:21 #373 store] 
Configuration path: C:\Users\fbarcia\Documents\NetBeansProjects\M06\EAC2-1718S1\objectdb-2.7.2\objectdb.conf

[2017-11-01 22:25:21 #374 store] 
Database 'C:\Users\fbarcia\Documents\NetBeansProjects\M06\EAC2-1718S1\objectdb-2.7.2\db\fitxer.odb' is closed by 13516@DESKTOP-CQEL88O

[2017-11-01 22:25:21 #375 store] 
Database 'C:\Users\fbarcia\Documents\NetBeansProjects\M06\EAC2-1718S1\objectdb-2.7.2\db\fitxer.odb' is opened by 13516@DESKTOP-CQEL88O

[2017-11-01 22:25:21 #376 store] 
Configuration path: C:\Users\fbarcia\Documents\NetBeansProjects\M06\EAC2-1718S1\objectdb-2.7.2\objectdb.conf

[2017-11-01 22:25:21 #377 store] 
Database 'C:\Users\fbarcia\Documents\NetBeansProjects\M06\EAC2-1718S1\objectdb-2.7.2\db\fitxer.odb' is closed by 13516@DESKTOP-CQEL88O

[2017-11-01 22:26:07 #378 store] 
Database 'C:\Users\fbarcia\Documents\NetBeansProjects\M06\EAC2-1718S1\objectdb-2.7.2\db\fitxer.odb' is opened by 13516@DESKTOP-CQEL88O

[2017-11-01 22:26:07 #379 store] 
Configuration path: C:\Users\fbarcia\Documents\NetBeansProjects\M06\EAC2-1718S1\objectdb-2.7.2\objectdb.conf

[2017-11-01 22:26:07 #380 store] 
Database 'C:\Users\fbarcia\Documents\NetBeansProjects\M06\EAC2-1718S1\objectdb-2.7.2\db\fitxer.odb' is closed by 13516@DESKTOP-CQEL88O

[2017-11-01 22:26:07 #381 store] 
Database 'C:\Users\fbarcia\Documents\NetBeansProjects\M06\EAC2-1718S1\objectdb-2.7.2\db\fitxer.odb' is opened by 13516@DESKTOP-CQEL88O

[2017-11-01 22:26:07 #382 store] 
Configuration path: C:\Users\fbarcia\Documents\NetBeansProjects\M06\EAC2-1718S1\objectdb-2.7.2\objectdb.conf

[2017-11-01 22:26:07 #383 store] 
Database 'C:\Users\fbarcia\Documents\NetBeansProjects\M06\EAC2-1718S1\objectdb-2.7.2\db\fitxer.odb' is closed by 13516@DESKTOP-CQEL88O

[2017-11-01 22:26:07 #384 store] 
Database 'C:\Users\fbarcia\Documents\NetBeansProjects\M06\EAC2-1718S1\objectdb-2.7.2\db\fitxer.odb' is opened by 13516@DESKTOP-CQEL88O

[2017-11-01 22:26:07 #385 store] 
Configuration path: C:\Users\fbarcia\Documents\NetBeansProjects\M06\EAC2-1718S1\objectdb-2.7.2\objectdb.conf

[2017-11-01 22:26:07 #386 store] 
Database 'C:\Users\fbarcia\Documents\NetBeansProjects\M06\EAC2-1718S1\objectdb-2.7.2\db\fitxer.odb' is closed by 13516@DESKTOP-CQEL88O

[2017-11-01 22:26:07 #387 store] 
Database 'C:\Users\fbarcia\Documents\NetBeansProjects\M06\EAC2-1718S1\objectdb-2.7.2\db\fitxer.odb' is opened by 13516@DESKTOP-CQEL88O

[2017-11-01 22:26:07 #388 store] 
Configuration path: C:\Users\fbarcia\Documents\NetBeansProjects\M06\EAC2-1718S1\objectdb-2.7.2\objectdb.conf

[2017-11-01 22:26:07 #389 store] 
Database 'C:\Users\fbarcia\Documents\NetBeansProjects\M06\EAC2-1718S1\objectdb-2.7.2\db\fitxer.odb' is closed by 13516@DESKTOP-CQEL88O

[2017-11-01 22:26:08 #390 store] 
Database 'C:\Users\fbarcia\Documents\NetBeansProjects\M06\EAC2-1718S1\objectdb-2.7.2\db\fitxer.odb' is opened by 13516@DESKTOP-CQEL88O

[2017-11-01 22:26:08 #391 store] 
Configuration path: C:\Users\fbarcia\Documents\NetBeansProjects\M06\EAC2-1718S1\objectdb-2.7.2\objectdb.conf

[2017-11-01 22:26:08 #392 store] 
Database 'C:\Users\fbarcia\Documents\NetBeansProjects\M06\EAC2-1718S1\objectdb-2.7.2\db\fitxer.odb' is closed by 13516@DESKTOP-CQEL88O

[2017-11-01 22:26:08 #393 store] 
Database 'C:\Users\fbarcia\Documents\NetBeansProjects\M06\EAC2-1718S1\objectdb-2.7.2\db\fitxer.odb' is opened by 13516@DESKTOP-CQEL88O

[2017-11-01 22:26:08 #394 store] 
Configuration path: C:\Users\fbarcia\Documents\NetBeansProjects\M06\EAC2-1718S1\objectdb-2.7.2\objectdb.conf

[2017-11-01 22:26:08 #395 store] 
Database 'C:\Users\fbarcia\Documents\NetBeansProjects\M06\EAC2-1718S1\objectdb-2.7.2\db\fitxer.odb' is closed by 13516@DESKTOP-CQEL88O

[2017-11-01 22:26:08 #396 store] 
Database 'C:\Users\fbarcia\Documents\NetBeansProjects\M06\EAC2-1718S1\objectdb-2.7.2\db\fitxer.odb' is opened by 13516@DESKTOP-CQEL88O

[2017-11-01 22:26:08 #397 store] 
Configuration path: C:\Users\fbarcia\Documents\NetBeansProjects\M06\EAC2-1718S1\objectdb-2.7.2\objectdb.conf

[2017-11-01 22:26:08 #398 store] 
Database 'C:\Users\fbarcia\Documents\NetBeansProjects\M06\EAC2-1718S1\objectdb-2.7.2\db\fitxer.odb' is closed by 13516@DESKTOP-CQEL88O

[2017-11-01 22:26:08 #399 store] 
Database 'C:\Users\fbarcia\Documents\NetBeansProjects\M06\EAC2-1718S1\objectdb-2.7.2\db\fitxer.odb' is opened by 13516@DESKTOP-CQEL88O

[2017-11-01 22:26:08 #400 store] 
Configuration path: C:\Users\fbarcia\Documents\NetBeansProjects\M06\EAC2-1718S1\objectdb-2.7.2\objectdb.conf

[2017-11-01 22:26:08 #401 store] 
Database 'C:\Users\fbarcia\Documents\NetBeansProjects\M06\EAC2-1718S1\objectdb-2.7.2\db\fitxer.odb' is closed by 13516@DESKTOP-CQEL88O

[2017-11-01 22:26:08 #402 store] 
Database 'C:\Users\fbarcia\Documents\NetBeansProjects\M06\EAC2-1718S1\objectdb-2.7.2\db\fitxer.odb' is opened by 13516@DESKTOP-CQEL88O

[2017-11-01 22:26:08 #403 store] 
Configuration path: C:\Users\fbarcia\Documents\NetBeansProjects\M06\EAC2-1718S1\objectdb-2.7.2\objectdb.conf

[2017-11-01 22:26:08 #404 store] 
Database 'C:\Users\fbarcia\Documents\NetBeansProjects\M06\EAC2-1718S1\objectdb-2.7.2\db\fitxer.odb' is closed by 13516@DESKTOP-CQEL88O

[2017-11-01 22:26:08 #405 store] 
Database 'C:\Users\fbarcia\Documents\NetBeansProjects\M06\EAC2-1718S1\objectdb-2.7.2\db\fitxer.odb' is opened by 13516@DESKTOP-CQEL88O

[2017-11-01 22:26:08 #406 store] 
Configuration path: C:\Users\fbarcia\Documents\NetBeansProjects\M06\EAC2-1718S1\objectdb-2.7.2\objectdb.conf

[2017-11-01 22:26:08 #407 store] 
Database 'C:\Users\fbarcia\Documents\NetBeansProjects\M06\EAC2-1718S1\objectdb-2.7.2\db\fitxer.odb' is closed by 13516@DESKTOP-CQEL88O

[2017-11-01 22:26:08 #408 store] 
Database 'C:\Users\fbarcia\Documents\NetBeansProjects\M06\EAC2-1718S1\objectdb-2.7.2\db\fitxer.odb' is opened by 13516@DESKTOP-CQEL88O

[2017-11-01 22:26:08 #409 store] 
Configuration path: C:\Users\fbarcia\Documents\NetBeansProjects\M06\EAC2-1718S1\objectdb-2.7.2\objectdb.conf

[2017-11-01 22:26:08 #410 store] 
Database 'C:\Users\fbarcia\Documents\NetBeansProjects\M06\EAC2-1718S1\objectdb-2.7.2\db\fitxer.odb' is closed by 13516@DESKTOP-CQEL88O

[2017-11-01 22:26:08 #411 store] 
Database 'C:\Users\fbarcia\Documents\NetBeansProjects\M06\EAC2-1718S1\objectdb-2.7.2\db\fitxer.odb' is opened by 13516@DESKTOP-CQEL88O

[2017-11-01 22:26:08 #412 store] 
Configuration path: C:\Users\fbarcia\Documents\NetBeansProjects\M06\EAC2-1718S1\objectdb-2.7.2\objectdb.conf

[2017-11-01 22:26:08 #413 store] 
Database 'C:\Users\fbarcia\Documents\NetBeansProjects\M06\EAC2-1718S1\objectdb-2.7.2\db\fitxer.odb' is closed by 13516@DESKTOP-CQEL88O

[2017-11-01 22:26:08 #414 store] 
Database 'C:\Users\fbarcia\Documents\NetBeansProjects\M06\EAC2-1718S1\objectdb-2.7.2\db\fitxer.odb' is opened by 13516@DESKTOP-CQEL88O

[2017-11-01 22:26:08 #415 store] 
Configuration path: C:\Users\fbarcia\Documents\NetBeansProjects\M06\EAC2-1718S1\objectdb-2.7.2\objectdb.conf

[2017-11-01 22:26:08 #416 store] 
Database 'C:\Users\fbarcia\Documents\NetBeansProjects\M06\EAC2-1718S1\objectdb-2.7.2\db\fitxer.odb' is closed by 13516@DESKTOP-CQEL88O

[2017-11-01 22:26:08 #417 store] 
Database 'C:\Users\fbarcia\Documents\NetBeansProjects\M06\EAC2-1718S1\objectdb-2.7.2\db\fitxer.odb' is opened by 13516@DESKTOP-CQEL88O

[2017-11-01 22:26:08 #418 store] 
Configuration path: C:\Users\fbarcia\Documents\NetBeansProjects\M06\EAC2-1718S1\objectdb-2.7.2\objectdb.conf

[2017-11-01 22:26:08 #419 store] 
Database 'C:\Users\fbarcia\Documents\NetBeansProjects\M06\EAC2-1718S1\objectdb-2.7.2\db\fitxer.odb' is closed by 13516@DESKTOP-CQEL88O

[2017-11-01 22:26:08 #420 store] 
Database 'C:\Users\fbarcia\Documents\NetBeansProjects\M06\EAC2-1718S1\objectdb-2.7.2\db\fitxer.odb' is opened by 13516@DESKTOP-CQEL88O

[2017-11-01 22:26:08 #421 store] 
Configuration path: C:\Users\fbarcia\Documents\NetBeansProjects\M06\EAC2-1718S1\objectdb-2.7.2\objectdb.conf

[2017-11-01 22:26:08 #422 store] 
Database 'C:\Users\fbarcia\Documents\NetBeansProjects\M06\EAC2-1718S1\objectdb-2.7.2\db\fitxer.odb' is closed by 13516@DESKTOP-CQEL88O

[2017-11-01 22:26:08 #423 store] 
Database 'C:\Users\fbarcia\Documents\NetBeansProjects\M06\EAC2-1718S1\objectdb-2.7.2\db\fitxer.odb' is opened by 13516@DESKTOP-CQEL88O

[2017-11-01 22:26:08 #424 store] 
Configuration path: C:\Users\fbarcia\Documents\NetBeansProjects\M06\EAC2-1718S1\objectdb-2.7.2\objectdb.conf

[2017-11-01 22:26:08 #425 store] 
Database 'C:\Users\fbarcia\Documents\NetBeansProjects\M06\EAC2-1718S1\objectdb-2.7.2\db\fitxer.odb' is closed by 13516@DESKTOP-CQEL88O

[2017-11-01 22:26:08 #426 store] 
Database 'C:\Users\fbarcia\Documents\NetBeansProjects\M06\EAC2-1718S1\objectdb-2.7.2\db\fitxer.odb' is opened by 13516@DESKTOP-CQEL88O

[2017-11-01 22:26:08 #427 store] 
Configuration path: C:\Users\fbarcia\Documents\NetBeansProjects\M06\EAC2-1718S1\objectdb-2.7.2\objectdb.conf

[2017-11-01 22:26:08 #428 store] 
Database 'C:\Users\fbarcia\Documents\NetBeansProjects\M06\EAC2-1718S1\objectdb-2.7.2\db\fitxer.odb' is closed by 13516@DESKTOP-CQEL88O

[2017-11-01 22:26:08 #429 store] 
Database 'C:\Users\fbarcia\Documents\NetBeansProjects\M06\EAC2-1718S1\objectdb-2.7.2\db\fitxer.odb' is opened by 13516@DESKTOP-CQEL88O

[2017-11-01 22:26:08 #430 store] 
Configuration path: C:\Users\fbarcia\Documents\NetBeansProjects\M06\EAC2-1718S1\objectdb-2.7.2\objectdb.conf

[2017-11-01 22:26:08 #431 store] 
Database 'C:\Users\fbarcia\Documents\NetBeansProjects\M06\EAC2-1718S1\objectdb-2.7.2\db\fitxer.odb' is closed by 13516@DESKTOP-CQEL88O

[2017-11-01 22:26:08 #432 store] 
Database 'C:\Users\fbarcia\Documents\NetBeansProjects\M06\EAC2-1718S1\objectdb-2.7.2\db\fitxer.odb' is opened by 13516@DESKTOP-CQEL88O

[2017-11-01 22:26:08 #433 store] 
Configuration path: C:\Users\fbarcia\Documents\NetBeansProjects\M06\EAC2-1718S1\objectdb-2.7.2\objectdb.conf

[2017-11-01 22:26:08 #434 store] 
Database 'C:\Users\fbarcia\Documents\NetBeansProjects\M06\EAC2-1718S1\objectdb-2.7.2\db\fitxer.odb' is closed by 13516@DESKTOP-CQEL88O

[2017-11-01 22:27:51 #435 store] 
Database 'C:\Users\fbarcia\Documents\NetBeansProjects\M06\EAC2-1718S1\objectdb-2.7.2\db\fitxer.odb' is opened by 13516@DESKTOP-CQEL88O

[2017-11-01 22:27:51 #436 store] 
Configuration path: C:\Users\fbarcia\Documents\NetBeansProjects\M06\EAC2-1718S1\objectdb-2.7.2\objectdb.conf

[2017-11-01 22:27:51 #437 type.user] 
Enhancement of type model.PuntVenda is old and cannot be used (-6481701399563098363:-6481706008062914123)

[2017-11-01 22:27:51 #438 store] 
Database 'C:\Users\fbarcia\Documents\NetBeansProjects\M06\EAC2-1718S1\objectdb-2.7.2\db\fitxer.odb' is closed by 13516@DESKTOP-CQEL88O

[2017-11-01 22:27:51 #439 store] 
Database 'C:\Users\fbarcia\Documents\NetBeansProjects\M06\EAC2-1718S1\objectdb-2.7.2\db\fitxer.odb' is opened by 13516@DESKTOP-CQEL88O

[2017-11-01 22:27:51 #440 store] 
Configuration path: C:\Users\fbarcia\Documents\NetBeansProjects\M06\EAC2-1718S1\objectdb-2.7.2\objectdb.conf

[2017-11-01 22:27:51 #441 store] 
Database 'C:\Users\fbarcia\Documents\NetBeansProjects\M06\EAC2-1718S1\objectdb-2.7.2\db\fitxer.odb' is closed by 13516@DESKTOP-CQEL88O

[2017-11-01 22:27:51 #442 store] 
Database 'C:\Users\fbarcia\Documents\NetBeansProjects\M06\EAC2-1718S1\objectdb-2.7.2\db\fitxer.odb' is opened by 13516@DESKTOP-CQEL88O

[2017-11-01 22:27:51 #443 store] 
Configuration path: C:\Users\fbarcia\Documents\NetBeansProjects\M06\EAC2-1718S1\objectdb-2.7.2\objectdb.conf

[2017-11-01 22:27:51 #444 store] 
Database 'C:\Users\fbarcia\Documents\NetBeansProjects\M06\EAC2-1718S1\objectdb-2.7.2\db\fitxer.odb' is closed by 13516@DESKTOP-CQEL88O

[2017-11-01 22:27:51 #445 store] 
Database 'C:\Users\fbarcia\Documents\NetBeansProjects\M06\EAC2-1718S1\objectdb-2.7.2\db\fitxer.odb' is opened by 13516@DESKTOP-CQEL88O

[2017-11-01 22:27:51 #446 store] 
Configuration path: C:\Users\fbarcia\Documents\NetBeansProjects\M06\EAC2-1718S1\objectdb-2.7.2\objectdb.conf

[2017-11-01 22:27:51 #447 store] 
Database 'C:\Users\fbarcia\Documents\NetBeansProjects\M06\EAC2-1718S1\objectdb-2.7.2\db\fitxer.odb' is closed by 13516@DESKTOP-CQEL88O

[2017-11-01 22:27:51 #448 store] 
Database 'C:\Users\fbarcia\Documents\NetBeansProjects\M06\EAC2-1718S1\objectdb-2.7.2\db\fitxer.odb' is opened by 13516@DESKTOP-CQEL88O

[2017-11-01 22:27:51 #449 store] 
Configuration path: C:\Users\fbarcia\Documents\NetBeansProjects\M06\EAC2-1718S1\objectdb-2.7.2\objectdb.conf

[2017-11-01 22:27:51 #450 store] 
Database 'C:\Users\fbarcia\Documents\NetBeansProjects\M06\EAC2-1718S1\objectdb-2.7.2\db\fitxer.odb' is closed by 13516@DESKTOP-CQEL88O

[2017-11-01 22:27:51 #451 store] 
Database 'C:\Users\fbarcia\Documents\NetBeansProjects\M06\EAC2-1718S1\objectdb-2.7.2\db\fitxer.odb' is opened by 13516@DESKTOP-CQEL88O

[2017-11-01 22:27:51 #452 store] 
Configuration path: C:\Users\fbarcia\Documents\NetBeansProjects\M06\EAC2-1718S1\objectdb-2.7.2\objectdb.conf

[2017-11-01 22:27:51 #453 store] 
Database 'C:\Users\fbarcia\Documents\NetBeansProjects\M06\EAC2-1718S1\objectdb-2.7.2\db\fitxer.odb' is closed by 13516@DESKTOP-CQEL88O

[2017-11-01 22:27:51 #454 store] 
Database 'C:\Users\fbarcia\Documents\NetBeansProjects\M06\EAC2-1718S1\objectdb-2.7.2\db\fitxer.odb' is opened by 13516@DESKTOP-CQEL88O

[2017-11-01 22:27:51 #455 store] 
Configuration path: C:\Users\fbarcia\Documents\NetBeansProjects\M06\EAC2-1718S1\objectdb-2.7.2\objectdb.conf

[2017-11-01 22:27:51 #456 store] 
Database 'C:\Users\fbarcia\Documents\NetBeansProjects\M06\EAC2-1718S1\objectdb-2.7.2\db\fitxer.odb' is closed by 13516@DESKTOP-CQEL88O

[2017-11-01 22:27:51 #457 store] 
Database 'C:\Users\fbarcia\Documents\NetBeansProjects\M06\EAC2-1718S1\objectdb-2.7.2\db\fitxer.odb' is opened by 13516@DESKTOP-CQEL88O

[2017-11-01 22:27:51 #458 store] 
Configuration path: C:\Users\fbarcia\Documents\NetBeansProjects\M06\EAC2-1718S1\objectdb-2.7.2\objectdb.conf

[2017-11-01 22:27:51 #459 store] 
Database 'C:\Users\fbarcia\Documents\NetBeansProjects\M06\EAC2-1718S1\objectdb-2.7.2\db\fitxer.odb' is closed by 13516@DESKTOP-CQEL88O

[2017-11-01 22:27:51 #460 store] 
Database 'C:\Users\fbarcia\Documents\NetBeansProjects\M06\EAC2-1718S1\objectdb-2.7.2\db\fitxer.odb' is opened by 13516@DESKTOP-CQEL88O

[2017-11-01 22:27:51 #461 store] 
Configuration path: C:\Users\fbarcia\Documents\NetBeansProjects\M06\EAC2-1718S1\objectdb-2.7.2\objectdb.conf

[2017-11-01 22:27:51 #462 store] 
Database 'C:\Users\fbarcia\Documents\NetBeansProjects\M06\EAC2-1718S1\objectdb-2.7.2\db\fitxer.odb' is closed by 13516@DESKTOP-CQEL88O

[2017-11-01 22:27:52 #463 store] 
Database 'C:\Users\fbarcia\Documents\NetBeansProjects\M06\EAC2-1718S1\objectdb-2.7.2\db\fitxer.odb' is opened by 13516@DESKTOP-CQEL88O

[2017-11-01 22:27:52 #464 store] 
Configuration path: C:\Users\fbarcia\Documents\NetBeansProjects\M06\EAC2-1718S1\objectdb-2.7.2\objectdb.conf

[2017-11-01 22:27:52 #465 store] 
Database 'C:\Users\fbarcia\Documents\NetBeansProjects\M06\EAC2-1718S1\objectdb-2.7.2\db\fitxer.odb' is closed by 13516@DESKTOP-CQEL88O

[2017-11-01 22:27:52 #466 store] 
Database 'C:\Users\fbarcia\Documents\NetBeansProjects\M06\EAC2-1718S1\objectdb-2.7.2\db\fitxer.odb' is opened by 13516@DESKTOP-CQEL88O

[2017-11-01 22:27:52 #467 store] 
Configuration path: C:\Users\fbarcia\Documents\NetBeansProjects\M06\EAC2-1718S1\objectdb-2.7.2\objectdb.conf

[2017-11-01 22:27:52 #468 store] 
Database 'C:\Users\fbarcia\Documents\NetBeansProjects\M06\EAC2-1718S1\objectdb-2.7.2\db\fitxer.odb' is closed by 13516@DESKTOP-CQEL88O

[2017-11-01 22:27:52 #469 store] 
Database 'C:\Users\fbarcia\Documents\NetBeansProjects\M06\EAC2-1718S1\objectdb-2.7.2\db\fitxer.odb' is opened by 13516@DESKTOP-CQEL88O

[2017-11-01 22:27:52 #470 store] 
Configuration path: C:\Users\fbarcia\Documents\NetBeansProjects\M06\EAC2-1718S1\objectdb-2.7.2\objectdb.conf

[2017-11-01 22:27:52 #471 store] 
Database 'C:\Users\fbarcia\Documents\NetBeansProjects\M06\EAC2-1718S1\objectdb-2.7.2\db\fitxer.odb' is closed by 13516@DESKTOP-CQEL88O

[2017-11-01 22:27:52 #472 store] 
Database 'C:\Users\fbarcia\Documents\NetBeansProjects\M06\EAC2-1718S1\objectdb-2.7.2\db\fitxer.odb' is opened by 13516@DESKTOP-CQEL88O

[2017-11-01 22:27:52 #473 store] 
Configuration path: C:\Users\fbarcia\Documents\NetBeansProjects\M06\EAC2-1718S1\objectdb-2.7.2\objectdb.conf

[2017-11-01 22:27:52 #474 store] 
Database 'C:\Users\fbarcia\Documents\NetBeansProjects\M06\EAC2-1718S1\objectdb-2.7.2\db\fitxer.odb' is closed by 13516@DESKTOP-CQEL88O

[2017-11-01 22:27:52 #475 store] 
Database 'C:\Users\fbarcia\Documents\NetBeansProjects\M06\EAC2-1718S1\objectdb-2.7.2\db\fitxer.odb' is opened by 13516@DESKTOP-CQEL88O

[2017-11-01 22:27:52 #476 store] 
Configuration path: C:\Users\fbarcia\Documents\NetBeansProjects\M06\EAC2-1718S1\objectdb-2.7.2\objectdb.conf

[2017-11-01 22:27:52 #477 store] 
Database 'C:\Users\fbarcia\Documents\NetBeansProjects\M06\EAC2-1718S1\objectdb-2.7.2\db\fitxer.odb' is closed by 13516@DESKTOP-CQEL88O

[2017-11-01 22:27:52 #478 store] 
Database 'C:\Users\fbarcia\Documents\NetBeansProjects\M06\EAC2-1718S1\objectdb-2.7.2\db\fitxer.odb' is opened by 13516@DESKTOP-CQEL88O

[2017-11-01 22:27:52 #479 store] 
Configuration path: C:\Users\fbarcia\Documents\NetBeansProjects\M06\EAC2-1718S1\objectdb-2.7.2\objectdb.conf

[2017-11-01 22:27:52 #480 store] 
Database 'C:\Users\fbarcia\Documents\NetBeansProjects\M06\EAC2-1718S1\objectdb-2.7.2\db\fitxer.odb' is closed by 13516@DESKTOP-CQEL88O

[2017-11-01 22:27:52 #481 store] 
Database 'C:\Users\fbarcia\Documents\NetBeansProjects\M06\EAC2-1718S1\objectdb-2.7.2\db\fitxer.odb' is opened by 13516@DESKTOP-CQEL88O

[2017-11-01 22:27:52 #482 store] 
Configuration path: C:\Users\fbarcia\Documents\NetBeansProjects\M06\EAC2-1718S1\objectdb-2.7.2\objectdb.conf

[2017-11-01 22:27:52 #483 store] 
Database 'C:\Users\fbarcia\Documents\NetBeansProjects\M06\EAC2-1718S1\objectdb-2.7.2\db\fitxer.odb' is closed by 13516@DESKTOP-CQEL88O

[2017-11-01 22:27:52 #484 store] 
Database 'C:\Users\fbarcia\Documents\NetBeansProjects\M06\EAC2-1718S1\objectdb-2.7.2\db\fitxer.odb' is opened by 13516@DESKTOP-CQEL88O

[2017-11-01 22:27:52 #485 store] 
Configuration path: C:\Users\fbarcia\Documents\NetBeansProjects\M06\EAC2-1718S1\objectdb-2.7.2\objectdb.conf

[2017-11-01 22:27:52 #486 store] 
Database 'C:\Users\fbarcia\Documents\NetBeansProjects\M06\EAC2-1718S1\objectdb-2.7.2\db\fitxer.odb' is closed by 13516@DESKTOP-CQEL88O

[2017-11-01 22:27:52 #487 store] 
Database 'C:\Users\fbarcia\Documents\NetBeansProjects\M06\EAC2-1718S1\objectdb-2.7.2\db\fitxer.odb' is opened by 13516@DESKTOP-CQEL88O

[2017-11-01 22:27:52 #488 store] 
Configuration path: C:\Users\fbarcia\Documents\NetBeansProjects\M06\EAC2-1718S1\objectdb-2.7.2\objectdb.conf

[2017-11-01 22:27:52 #489 store] 
Database 'C:\Users\fbarcia\Documents\NetBeansProjects\M06\EAC2-1718S1\objectdb-2.7.2\db\fitxer.odb' is closed by 13516@DESKTOP-CQEL88O

[2017-11-01 22:27:52 #490 store] 
Database 'C:\Users\fbarcia\Documents\NetBeansProjects\M06\EAC2-1718S1\objectdb-2.7.2\db\fitxer.odb' is opened by 13516@DESKTOP-CQEL88O

[2017-11-01 22:27:52 #491 store] 
Configuration path: C:\Users\fbarcia\Documents\NetBeansProjects\M06\EAC2-1718S1\objectdb-2.7.2\objectdb.conf

[2017-11-01 22:27:52 #492 store] 
Database 'C:\Users\fbarcia\Documents\NetBeansProjects\M06\EAC2-1718S1\objectdb-2.7.2\db\fitxer.odb' is closed by 13516@DESKTOP-CQEL88O

