------------------------------------------------------------------------------------------------------------------------

[2017-11-01 16:45:00 #1 type.registry] 
New type model.Empleat

[2017-11-01 16:45:00 #2 type] 
Type model.Empleat is not enhanced.

[2017-11-01 16:45:00 #3 type.registry] 
New type model.Establiment

[2017-11-01 16:45:00 #4 type] 
Type model.Establiment is not enhanced.

------------------------------------------------------------------------------------------------------------------------

[2017-11-01 19:55:02 #1 type] 
Type model.Empleat is not enhanced.

[2017-11-01 19:55:02 #2 type] 
Type model.Establiment is not enhanced.

------------------------------------------------------------------------------------------------------------------------

[2017-11-01 19:55:03 #1 type] 
Type model.Empleat is not enhanced.

[2017-11-01 19:55:03 #2 type] 
Type model.Establiment is not enhanced.

------------------------------------------------------------------------------------------------------------------------

[2017-11-01 21:22:13 #1 type] 
Type model.Empleat is not enhanced.

[2017-11-01 21:22:13 #2 type] 
Type model.Establiment is not enhanced.

------------------------------------------------------------------------------------------------------------------------

[2017-11-01 21:28:28 #1 type] 
Type model.Empleat is not enhanced.

[2017-11-01 21:28:28 #2 type] 
Type model.Establiment is not enhanced.

------------------------------------------------------------------------------------------------------------------------

[2017-11-01 22:01:16 #1 type] 
Type model.Empleat is not enhanced.

[2017-11-01 22:01:16 #2 type] 
Type model.Establiment is not enhanced.

[2017-11-01 22:01:16 #3 type.registry] 
New type model.Taller

[2017-11-01 22:01:16 #4 type.registry] 
New type model.PuntVenda

[2017-11-01 22:01:16 #5 type] 
Type model.Taller is not enhanced.

[2017-11-01 22:01:16 #6 type] 
Type model.PuntVenda is not enhanced.

------------------------------------------------------------------------------------------------------------------------

[2017-11-01 22:25:20 #1 type] 
Type model.Empleat is not enhanced.

[2017-11-01 22:25:20 #2 type] 
Type model.Establiment is not enhanced.

[2017-11-01 22:25:20 #3 type] 
Type model.Taller is not enhanced.

[2017-11-01 22:25:20 #4 type] 
Type model.PuntVenda is not enhanced.

------------------------------------------------------------------------------------------------------------------------

[2017-11-01 22:26:07 #1 type] 
Type model.Empleat is not enhanced.

[2017-11-01 22:26:07 #2 type] 
Type model.Establiment is not enhanced.

[2017-11-01 22:26:07 #3 type] 
Type model.Taller is not enhanced.

[2017-11-01 22:26:07 #4 type] 
Type model.PuntVenda is not enhanced.

------------------------------------------------------------------------------------------------------------------------

[2017-11-01 22:27:51 #1 type] 
Type model.Empleat is not enhanced.

[2017-11-01 22:27:51 #2 type] 
Type model.Establiment is not enhanced.

[2017-11-01 22:27:51 #3 type] 
Type model.Taller is not enhanced.

[2017-11-01 22:27:51 #4 type] 
Type model.PuntVenda is not enhanced.

